2024-07-01T14:52:26.543+03:00  INFO 1503 --- [logging-example] [restartedMain] c.e.l.LoggingExampleApplication          : Starting LoggingExampleApplication using Java 21.0.1 with PID 1503 (/Users/macbook/Documents/GitHub/JavaEgitim-2024/logging-example/target/classes started by macbook in /Users/macbook/Documents/GitHub/JavaEgitim-2024/logging-example)
2024-07-01T14:52:26.551+03:00  INFO 1503 --- [logging-example] [restartedMain] c.e.l.LoggingExampleApplication          : No active profile set, falling back to 1 default profile: "default"
2024-07-01T14:52:26.725+03:00  INFO 1503 --- [logging-example] [restartedMain] .e.DevToolsPropertyDefaultsPostProcessor : Devtools property defaults active! Set 'spring.devtools.add-properties' to 'false' to disable
2024-07-01T14:52:26.725+03:00  INFO 1503 --- [logging-example] [restartedMain] .e.DevToolsPropertyDefaultsPostProcessor : For additional web related logging consider setting the 'logging.level.web' property to 'DEBUG'
2024-07-01T14:52:29.271+03:00  INFO 1503 --- [logging-example] [restartedMain] o.s.b.w.embedded.tomcat.TomcatWebServer  : Tomcat initialized with port 8080 (http)
2024-07-01T14:52:29.297+03:00  INFO 1503 --- [logging-example] [restartedMain] o.apache.catalina.core.StandardService   : Starting service [Tomcat]
2024-07-01T14:52:29.298+03:00  INFO 1503 --- [logging-example] [restartedMain] o.apache.catalina.core.StandardEngine    : Starting Servlet engine: [Apache Tomcat/10.1.25]
2024-07-01T14:52:29.399+03:00  INFO 1503 --- [logging-example] [restartedMain] o.a.c.c.C.[Tomcat].[localhost].[/]       : Initializing Spring embedded WebApplicationContext
2024-07-01T14:52:29.400+03:00  INFO 1503 --- [logging-example] [restartedMain] w.s.c.ServletWebServerApplicationContext : Root WebApplicationContext: initialization completed in 2672 ms
2024-07-01T14:52:30.402+03:00  INFO 1503 --- [logging-example] [restartedMain] o.s.b.d.a.OptionalLiveReloadServer       : LiveReload server is running on port 35729
2024-07-01T14:52:30.452+03:00  INFO 1503 --- [logging-example] [restartedMain] o.s.b.w.embedded.tomcat.TomcatWebServer  : Tomcat started on port 8080 (http) with context path '/'
2024-07-01T14:52:30.468+03:00  INFO 1503 --- [logging-example] [restartedMain] c.e.l.LoggingExampleApplication          : Started LoggingExampleApplication in 5.239 seconds (process running for 6.986)
2024-07-01T14:52:49.437+03:00  INFO 1503 --- [logging-example] [http-nio-8080-exec-1] o.a.c.c.C.[Tomcat].[localhost].[/]       : Initializing Spring DispatcherServlet 'dispatcherServlet'
2024-07-01T14:52:49.438+03:00  INFO 1503 --- [logging-example] [http-nio-8080-exec-1] o.s.web.servlet.DispatcherServlet        : Initializing Servlet 'dispatcherServlet'
2024-07-01T14:52:49.441+03:00  INFO 1503 --- [logging-example] [http-nio-8080-exec-1] o.s.web.servlet.DispatcherServlet        : Completed initialization in 3 ms
2024-07-01T14:52:51.496+03:00  INFO 1503 --- [logging-example] [http-nio-8080-exec-5] o.springdoc.api.AbstractOpenApiResource  : Init duration for springdoc-openapi is: 489 ms
2024-07-01T14:52:57.504+03:00  INFO 1503 --- [logging-example] [http-nio-8080-exec-6] c.e.l.controller.StudentController       : inside StudentController.getStudent() çalıştı.
2024-07-01T14:52:57.508+03:00  INFO 1503 --- [logging-example] [http-nio-8080-exec-6] c.e.l.service.StudentService             : getOgrenci() çalıştı.
2024-07-01T15:22:11.316+03:00  INFO 1964 --- [logging-example] [restartedMain] c.e.l.LoggingExampleApplication          : Starting LoggingExampleApplication using Java 21.0.1 with PID 1964 (/Users/macbook/Documents/GitHub/JavaEgitim-2024/logging-example/target/classes started by macbook in /Users/macbook/Documents/GitHub/JavaEgitim-2024/logging-example)
2024-07-01T15:22:11.324+03:00  INFO 1964 --- [logging-example] [restartedMain] c.e.l.LoggingExampleApplication          : No active profile set, falling back to 1 default profile: "default"
2024-07-01T15:22:11.662+03:00  INFO 1964 --- [logging-example] [restartedMain] .e.DevToolsPropertyDefaultsPostProcessor : Devtools property defaults active! Set 'spring.devtools.add-properties' to 'false' to disable
2024-07-01T15:22:11.663+03:00  INFO 1964 --- [logging-example] [restartedMain] .e.DevToolsPropertyDefaultsPostProcessor : For additional web related logging consider setting the 'logging.level.web' property to 'DEBUG'
2024-07-01T15:22:15.690+03:00  INFO 1964 --- [logging-example] [restartedMain] o.s.b.w.embedded.tomcat.TomcatWebServer  : Tomcat initialized with port 8080 (http)
2024-07-01T15:22:15.716+03:00  INFO 1964 --- [logging-example] [restartedMain] o.apache.catalina.core.StandardService   : Starting service [Tomcat]
2024-07-01T15:22:15.717+03:00  INFO 1964 --- [logging-example] [restartedMain] o.apache.catalina.core.StandardEngine    : Starting Servlet engine: [Apache Tomcat/10.1.25]
2024-07-01T15:22:15.799+03:00  INFO 1964 --- [logging-example] [restartedMain] o.a.c.c.C.[Tomcat].[localhost].[/]       : Initializing Spring embedded WebApplicationContext
2024-07-01T15:22:15.800+03:00  INFO 1964 --- [logging-example] [restartedMain] w.s.c.ServletWebServerApplicationContext : Root WebApplicationContext: initialization completed in 4134 ms
2024-07-01T15:22:17.474+03:00  INFO 1964 --- [logging-example] [restartedMain] o.s.b.d.a.OptionalLiveReloadServer       : LiveReload server is running on port 35729
2024-07-01T15:22:17.550+03:00  INFO 1964 --- [logging-example] [restartedMain] o.s.b.w.embedded.tomcat.TomcatWebServer  : Tomcat started on port 8080 (http) with context path '/'
2024-07-01T15:22:17.574+03:00  INFO 1964 --- [logging-example] [restartedMain] c.e.l.LoggingExampleApplication          : Started LoggingExampleApplication in 8.784 seconds (process running for 10.543)
2024-07-01T15:22:32.946+03:00  INFO 1964 --- [logging-example] [http-nio-8080-exec-1] o.a.c.c.C.[Tomcat].[localhost].[/]       : Initializing Spring DispatcherServlet 'dispatcherServlet'
2024-07-01T15:22:32.947+03:00  INFO 1964 --- [logging-example] [http-nio-8080-exec-1] o.s.web.servlet.DispatcherServlet        : Initializing Servlet 'dispatcherServlet'
2024-07-01T15:22:32.949+03:00  INFO 1964 --- [logging-example] [http-nio-8080-exec-1] o.s.web.servlet.DispatcherServlet        : Completed initialization in 2 ms
2024-07-01T15:22:34.983+03:00  INFO 1964 --- [logging-example] [http-nio-8080-exec-4] o.springdoc.api.AbstractOpenApiResource  : Init duration for springdoc-openapi is: 502 ms
2024-07-01T15:22:58.937+03:00  INFO 1964 --- [logging-example] [http-nio-8080-exec-5] c.e.l.controller.StudentController       : inside StudentController.getStudent() çalıştı.
2024-07-01T15:22:58.946+03:00  INFO 1964 --- [logging-example] [http-nio-8080-exec-5] c.e.l.service.StudentService             : getOgrenci() çalıştı.
