#
# A fatal error has been detected by the Java Runtime Environment:
#
#  SIGSEGV (0xb) at pc=0x00000001114a1712, pid=3363, tid=39683
#
# JRE version: OpenJDK Runtime Environment (21.0.1+12) (build 21.0.1+12-29)
# Java VM: OpenJDK 64-Bit Server VM (21.0.1+12-29, mixed mode, sharing, tiered, compressed oops, compressed class ptrs, g1 gc, bsd-amd64)
# Problematic frame:
# V  [libjvm.dylib+0x4a1712]  G1STWIsAliveClosure::do_object_b(oopDesc*)+0x22
#
# No core dump will be written. Core dumps have been disabled. To enable core dumping, try "ulimit -c unlimited" before starting Java again
#
# If you would like to submit a bug report, please visit:
#   https://bugreport.java.com/bugreport/crash.jsp
#

---------------  S U M M A R Y ------------

Command Line: -javaagent:/Applications/IntelliJ IDEA CE.app/Contents/lib/idea_rt.jar=53508:/Applications/IntelliJ IDEA CE.app/Contents/bin -Dfile.encoding=UTF-8 -Dsun.stdout.encoding=UTF-8 -Dsun.stderr.encoding=UTF-8 com.example.crud.CrudApplication

Host: "MacBookAir6,2" x86_64 1400 MHz, 4 cores, 4G, Darwin 20.6.0, macOS 11.7.10 (20G1427)
Time: Mon May 27 19:37:10 2024 +03 elapsed time: 15.591657 seconds (0d 0h 0m 15s)

---------------  T H R E A D  ---------------

Current thread (0x00007fec04d984f0):  WorkerThread "GC Thread#1"    [id=39683, stack(0x000070000d340000,0x000070000d440000) (1024K)]

Stack: [0x000070000d340000,0x000070000d440000],  sp=0x000070000d43fe20,  free space=1023k
Native frames: (J=compiled Java code, j=interpreted, Vv=VM code, C=native code)
V  [libjvm.dylib+0x4a1712]  G1STWIsAliveClosure::do_object_b(oopDesc*)+0x22
V  [libjvm.dylib+0x50ff7c]  void WeakProcessor::Task::work<G1STWIsAliveClosure, G1KeepAliveClosure>(unsigned int, G1STWIsAliveClosure*, G1KeepAliveClosure*)+0x12c
V  [libjvm.dylib+0xbaacfc]  WorkerThread::run()+0x7c
V  [libjvm.dylib+0xae0af5]  Thread::call_run()+0xa5
V  [libjvm.dylib+0x93cf47]  thread_native_entry(Thread*)+0x147
C  [libsystem_pthread.dylib+0x68fc]  _pthread_start+0xe0
C  [libsystem_pthread.dylib+0x2443]  thread_start+0xf

siginfo: si_signo: 11 (SIGSEGV), si_code: 1 (SEGV_MAPERR), si_addr: 0x00000003c09ae908

Registers:
RAX=0x00007fec0502e400, RBX=0x0000000000000000, RCX=0x00007fec0502e414, RDX=0x0000000000003c09
RSP=0x000070000d43fe20, RBP=0x000070000d43fe20, RSI=0x00000003c09ae908, RDI=0x000070000c818490
R8 =0x0000000000000005, R9 =0x0000020100000200, R10=0x00000000ffffffff, R11=0x0000000000000206
R12=0x00007fec07dbf278, R13=0x0000000000000000, R14=0xffffff0000000000, R15=0x00007fec07dbf140
RIP=0x00000001114a1712, EFLAGS=0x0000000000010246, ERR=0x0000000000000004
  TRAPNO=0x000000000000000e


Register to memory mapping:

RAX=0x00007fec0502e400 points into unknown readable memory: 0x0000000000000000 | 00 00 00 00 00 00 00 00
RBX=0x0 is null
RCX=0x00007fec0502e414 points into unknown readable memory: 00 00 00 00
RDX=0x0000000000003c09 is an unknown value
RSP=0x000070000d43fe20 points into unknown readable memory: 0x000070000d43fee0 | e0 fe 43 0d 00 70 00 00
RBP=0x000070000d43fe20 points into unknown readable memory: 0x000070000d43fee0 | e0 fe 43 0d 00 70 00 00
RSI=0x00000003c09ae908 is an unknown value
RDI=0x000070000c818490 points into unknown readable memory: 0x0000000111de0b88 | 88 0b de 11 01 00 00 00
R8 =0x0000000000000005 is an unknown value
R9 =0x0000020100000200 is an unknown value
R10=0x00000000ffffffff is an unknown value
R11=0x0000000000000206 is an unknown value
R12=0x00007fec07dbf278 points into unknown readable memory: 0x00000003c09ae908 | 08 e9 9a c0 03 00 00 00
R13=0x0 is null
R14=0xffffff0000000000 is an unknown value
R15=0x00007fec07dbf140 points into unknown readable memory: 0x00000007c081b560 | 60 b5 81 c0 07 00 00 00

Top of Stack: (sp=0x000070000d43fe20)
0x000070000d43fe20:   000070000d43fee0 000000011150ff7c
0x000070000d43fe30:   00007fec05014800 00007fec04d93e10
0x000070000d43fe40:   0000000200000008 00000003a09cae36
0x000070000d43fe50:   000000073f0cab8f 000070000c818490
0x000070000d43fe60:   000070000c8184a0 0000000000000091
0x000070000d43fe70:   0000000000000008 000070000c818190
0x000070000d43fe80:   000000000000008c 0000000000000096
0x000070000d43fe90:   0000000000000032 0000000111944189
0x000070000d43fea0:   0000000000000de7 000070000c818280
0x000070000d43feb0:   0000000204d93b10 00007fec04c213e8
0x000070000d43fec0:   0000000000000002 00007fff807290b4
0x000070000d43fed0:   00007fec04d984f0 000070000d43fef8
0x000070000d43fee0:   000070000d43ff20 0000000111baacfc
0x000070000d43fef0:   00007fec04d984f0 00000001ffffffff
0x000070000d43ff00:   00007fec04d984f0 0000000000009b03
0x000070000d43ff10:   0000000000100000 000070000d340000
0x000070000d43ff20:   000070000d43ff70 0000000111ae0af5
0x000070000d43ff30:   00007fec04d98e40 00007fec04d98dd0
0x000070000d43ff40:   00007fec04d984f0 00007fec04d98dd0
0x000070000d43ff50:   000070000d43ff70 00007fec04d98d80
0x000070000d43ff60:   00007fec04d984f0 00007fec04d98dd0
0x000070000d43ff70:   000070000d43ffb0 000000011193cf47
0x000070000d43ff80:   0000000000009b03 000070000d440000
0x000070000d43ff90:   0000000000000000 0000000000000000
0x000070000d43ffa0:   0000000000000000 0000000000000000
0x000070000d43ffb0:   000070000d43ffd0 00007fff2042f8fc
0x000070000d43ffc0:   0000000000000000 0000000000000000
0x000070000d43ffd0:   000070000d43fff0 00007fff2042b443
0x000070000d43ffe0:   0000000000000000 0000000000000000
0x000070000d43fff0:   0000000000000000 0000000000000000
0x000070000d440000:   838a46c8d2ca07b7 0000000000000000
0x000070000d440010:   000070000d543000 000070000d33d010 

Instructions: (pc=0x00000001114a1712)
0x00000001114a1612:   c7 05 f4 90 96 00 01 00 00 00 48 83 c4 10 5d c3
0x00000001114a1622:   90 90 90 90 90 90 90 90 90 90 90 90 90 90 55 48
0x00000001114a1632:   89 e5 b0 01 48 85 f6 74 68 4c 8b 4f 08 49 8b b9
0x00000001114a1642:   10 02 00 00 41 8a 89 18 02 00 00 48 d3 e7 4d 8b
0x00000001114a1652:   81 f8 01 00 00 48 89 f2 48 29 fa 48 8d 0d b4 c8
0x00000001114a1662:   99 00 8a 09 48 d3 ea 89 d1 49 8b 0c c8 48 8b 49
0x00000001114a1672:   60 48 39 f1 76 2b 49 8b 81 18 05 00 00 48 2b 70
0x00000001114a1682:   18 48 c1 ee 03 8a 48 28 48 d3 ee 48 8b 40 30 48
0x00000001114a1692:   89 f1 48 c1 e9 06 48 8b 04 c8 48 0f a3 f0 0f 92
0x00000001114a16a2:   c0 5d c3 66 2e 0f 1f 84 00 00 00 00 00 90 55 48
0x00000001114a16b2:   89 e5 48 8b 47 08 48 8b 90 10 02 00 00 8a 88 18
0x00000001114a16c2:   02 00 00 48 d3 e2 48 8b 80 f8 01 00 00 48 29 d6
0x00000001114a16d2:   48 8d 0d 3f c8 99 00 8a 09 48 d3 ee 89 f1 48 8b
0x00000001114a16e2:   04 c8 f7 40 3c 0c 00 00 00 0f 95 c0 5d c3 55 48
0x00000001114a16f2:   89 e5 48 8b 47 08 8a 88 b8 05 00 00 48 89 f2 48
0x00000001114a1702:   d3 ea 48 8b 80 a8 05 00 00 80 7c 50 01 00 78 0e
0x00000001114a1712:   48 8b 06 83 e0 03 83 f8 03 0f 94 c0 5d c3 b0 01
0x00000001114a1722:   5d c3 66 2e 0f 1f 84 00 00 00 00 00 66 90 55 48
0x00000001114a1732:   89 e5 89 f7 48 89 d6 5d e9 41 4d 02 00 90 55 48
0x00000001114a1742:   89 e5 89 f7 48 89 d6 5d e9 31 4d 02 00 90 55 48
0x00000001114a1752:   89 e5 41 57 41 56 53 50 49 89 f7 49 89 fe 48 89
0x00000001114a1762:   f7 e8 28 93 ff ff 49 8b 4e 78 8b 49 20 39 c8 0f
0x00000001114a1772:   42 c8 85 c9 bb 01 00 00 00 0f 45 d9 4c 89 ff 89
0x00000001114a1782:   de e8 b8 93 ff ff 49 8b 7e 78 4c 89 fe 89 da 48
0x00000001114a1792:   83 c4 08 5b 41 5e 41 5f 5d e9 40 93 70 00 55 48
0x00000001114a17a2:   89 e5 48 8d 05 6d c7 99 00 8b 08 d1 e9 80 c1 fc
0x00000001114a17b2:   b8 01 00 00 00 d3 e0 5d c3 0f 1f 44 00 00 55 48
0x00000001114a17c2:   89 e5 41 57 41 56 41 55 41 54 53 50 49 89 ce 49
0x00000001114a17d2:   89 d7 41 89 f4 48 89 fb bf 90 00 00 00 be 05 00
0x00000001114a17e2:   00 00 31 d2 e8 55 73 cd ff 49 89 c5 48 8b 93 78
0x00000001114a17f2:   01 00 00 4c 8d 8b d0 04 00 00 48 89 c7 44 89 e6
0x00000001114a1802:   4c 89 f9 4d 89 f0 e8 13 ed 0b 00 4c 89 e8 48 83 


Stack slot to memory mapping:

stack at sp + 0 slots: 0x000070000d43fee0 points into unknown readable memory: 0x000070000d43ff20 | 20 ff 43 0d 00 70 00 00
stack at sp + 1 slots: 0x000000011150ff7c: _ZN13WeakProcessor4Task4workI19G1STWIsAliveClosure18G1KeepAliveClosureEEvjPT_PT0_+0x12c in /Users/macbook/Library/Java/JavaVirtualMachines/openjdk-21.0.1/Contents/Home/lib/server/libjvm.dylib at 0x0000000111000000
stack at sp + 2 slots: 0x00007fec05014800 points into unknown readable memory: 0x0000000111de0968 | 68 09 de 11 01 00 00 00
stack at sp + 3 slots: 0x00007fec04d93e10 points into unknown readable memory: 0x0000000400000004 | 04 00 00 00 04 00 00 00
stack at sp + 4 slots: 0x0000000200000008 is an unknown value
stack at sp + 5 slots: 0x00000003a09cae36 is an unknown value
stack at sp + 6 slots: 0x000000073f0cab8f is an unknown value
stack at sp + 7 slots: 0x000070000c818490 points into unknown readable memory: 0x0000000111de0b88 | 88 0b de 11 01 00 00 00


---------------  P R O C E S S  ---------------

Threads class SMR info:
_java_thread_list=0x00007fec04e0d4d0, length=28, elements={
0x00007fec05042200, 0x00007fec05042a00, 0x00007fec05043200, 0x00007fec05043a00,
0x00007fec05044200, 0x00007fec05044a00, 0x00007fec05045200, 0x00007fec05045a00,
0x00007fec06912800, 0x00007fec06910800, 0x00007fec06c78a00, 0x00007fec05a1d200,
0x00007fec05a1da00, 0x00007fec05a52200, 0x00007fec05a29600, 0x00007fec05a29e00,
0x00007fec06c7d000, 0x00007fec05446400, 0x00007fec05448e00, 0x00007fec06c7d800,
0x00007fec06da2000, 0x00007fec05a4dc00, 0x00007fec06c7a000, 0x00007fec05a23600,
0x00007fec0521c800, 0x00007fec06542400, 0x00007fec06538e00, 0x00007fec0500b800
}

Java Threads: ( => current thread )
  0x00007fec05042200 JavaThread "Reference Handler"          daemon [_thread_blocked, id=22531, stack(0x000070000c922000,0x000070000ca22000) (1024K)]
  0x00007fec05042a00 JavaThread "Finalizer"                  daemon [_thread_blocked, id=42755, stack(0x000070000ca25000,0x000070000cb25000) (1024K)]
  0x00007fec05043200 JavaThread "Signal Dispatcher"          daemon [_thread_blocked, id=42243, stack(0x000070000cb28000,0x000070000cc28000) (1024K)]
  0x00007fec05043a00 JavaThread "Service Thread"             daemon [_thread_blocked, id=41731, stack(0x000070000cc2b000,0x000070000cd2b000) (1024K)]
  0x00007fec05044200 JavaThread "Monitor Deflation Thread"   daemon [_thread_blocked, id=41219, stack(0x000070000cd2e000,0x000070000ce2e000) (1024K)]
  0x00007fec05044a00 JavaThread "C2 CompilerThread0"         daemon [_thread_blocked, id=22787, stack(0x000070000ce31000,0x000070000cf31000) (1024K)]
  0x00007fec05045200 JavaThread "C1 CompilerThread0"         daemon [_thread_blocked, id=23043, stack(0x000070000cf34000,0x000070000d034000) (1024K)]
  0x00007fec05045a00 JavaThread "Common-Cleaner"             daemon [_thread_blocked, id=23555, stack(0x000070000d037000,0x000070000d137000) (1024K)]
  0x00007fec06912800 JavaThread "Monitor Ctrl-Break"         daemon [_thread_in_native, id=24067, stack(0x000070000d13a000,0x000070000d23a000) (1024K)]
  0x00007fec06910800 JavaThread "Notification Thread"        daemon [_thread_blocked, id=40195, stack(0x000070000d23d000,0x000070000d33d000) (1024K)]
  0x00007fec06c78a00 JavaThread "Catalina-utility-1"                [_thread_blocked, id=25095, stack(0x000070000d546000,0x000070000d646000) (1024K)]
  0x00007fec05a1d200 JavaThread "Catalina-utility-2"                [_thread_blocked, id=39175, stack(0x000070000d74c000,0x000070000d84c000) (1024K)]
  0x00007fec05a1da00 JavaThread "http-nio-8080-exec-1"       daemon [_thread_blocked, id=38915, stack(0x000070000d84f000,0x000070000d94f000) (1024K)]
  0x00007fec05a52200 JavaThread "http-nio-8080-exec-2"       daemon [_thread_blocked, id=38659, stack(0x000070000d952000,0x000070000da52000) (1024K)]
  0x00007fec05a29600 JavaThread "http-nio-8080-exec-3"       daemon [_thread_blocked, id=38403, stack(0x000070000da55000,0x000070000db55000) (1024K)]
  0x00007fec05a29e00 JavaThread "http-nio-8080-exec-4"       daemon [_thread_blocked, id=37891, stack(0x000070000db58000,0x000070000dc58000) (1024K)]
  0x00007fec06c7d000 JavaThread "http-nio-8080-exec-5"       daemon [_thread_blocked, id=37635, stack(0x000070000dc5b000,0x000070000dd5b000) (1024K)]
  0x00007fec05446400 JavaThread "http-nio-8080-exec-6"       daemon [_thread_blocked, id=37379, stack(0x000070000dd5e000,0x000070000de5e000) (1024K)]
  0x00007fec05448e00 JavaThread "http-nio-8080-exec-7"       daemon [_thread_blocked, id=27395, stack(0x000070000de61000,0x000070000df61000) (1024K)]
  0x00007fec06c7d800 JavaThread "http-nio-8080-exec-8"       daemon [_thread_blocked, id=37123, stack(0x000070000df64000,0x000070000e064000) (1024K)]
  0x00007fec06da2000 JavaThread "http-nio-8080-exec-9"       daemon [_thread_blocked, id=28163, stack(0x000070000e067000,0x000070000e167000) (1024K)]
  0x00007fec05a4dc00 JavaThread "http-nio-8080-exec-10"      daemon [_thread_blocked, id=28675, stack(0x000070000e16a000,0x000070000e26a000) (1024K)]
  0x00007fec06c7a000 JavaThread "container-0"                       [_thread_blocked, id=28931, stack(0x000070000e26d000,0x000070000e36d000) (1024K)]
  0x00007fec05a23600 JavaThread "PostgreSQL-JDBC-Cleaner"    daemon [_thread_blocked, id=21771, stack(0x000070000e370000,0x000070000e470000) (1024K)]
  0x00007fec0521c800 JavaThread "HikariPool-1 housekeeper"   daemon [_thread_blocked, id=29187, stack(0x000070000e473000,0x000070000e573000) (1024K)]
  0x00007fec06542400 JavaThread "http-nio-8080-Poller"       daemon [_thread_in_native, id=35331, stack(0x000070000e679000,0x000070000e779000) (1024K)]
  0x00007fec06538e00 JavaThread "http-nio-8080-Acceptor"     daemon [_thread_in_native, id=35075, stack(0x000070000e77c000,0x000070000e87c000) (1024K)]
  0x00007fec0500b800 JavaThread "DestroyJavaVM"                     [_thread_blocked, id=10243, stack(0x000070000c004000,0x000070000c104000) (1024K)]
Total: 28

Other Threads:
  0x00007fec04d2f100 VMThread "VM Thread"                           [id=17667, stack(0x000070000c719000,0x000070000c819000) (1024K)]
  0x00007fec04d1a070 WatcherThread "VM Periodic Task Thread"        [id=18435, stack(0x000070000c616000,0x000070000c716000) (1024K)]
  0x00007fec04c21400 WorkerThread "GC Thread#0"                     [id=12291, stack(0x000070000c107000,0x000070000c207000) (1024K)]
=>0x00007fec04d984f0 WorkerThread "GC Thread#1"                     [id=39683, stack(0x000070000d340000,0x000070000d440000) (1024K)]
  0x00007fec07c074b0 WorkerThread "GC Thread#2"                     [id=24579, stack(0x000070000d443000,0x000070000d543000) (1024K)]
  0x00007fec07f1b3e0 WorkerThread "GC Thread#3"                     [id=25603, stack(0x000070000d649000,0x000070000d749000) (1024K)]
  0x00007fec04d076a0 ConcurrentGCThread "G1 Main Marker"            [id=12547, stack(0x000070000c20a000,0x000070000c30a000) (1024K)]
  0x00007fec04f08ca0 WorkerThread "G1 Conc#0"                       [id=19203, stack(0x000070000c30d000,0x000070000c40d000) (1024K)]
  0x00007fec0583d200 ConcurrentGCThread "G1 Refine#0"               [id=18947, stack(0x000070000c410000,0x000070000c510000) (1024K)]
  0x00007fec04e06750 ConcurrentGCThread "G1 Service"                [id=13571, stack(0x000070000c513000,0x000070000c613000) (1024K)]
Total: 10

Threads with active compile tasks:
C2 CompilerThread0    15609 5257 %     4       java.util.Properties$LineReader::readLine @ 293 (584 bytes)
C1 CompilerThread0    15609 5263       3       java.util.LinkedHashSet::<init> (28 bytes)
Total: 2

VM state: at safepoint (normal execution)

VM Mutex/Monitor currently owned by a thread:  ([mutex/lock_event])
[0x0000000111e80ea0] Threads_lock - owner thread: 0x00007fec04d2f100
[0x0000000111e80fa0] Heap_lock - owner thread: 0x00007fec05a52200

Heap address: 0x00000007c0000000, size: 1024 MB, Compressed Oops mode: Zero based, Oop shift amount: 3

CDS archive(s) mapped at: [0x000000012f000000-0x000000012fca4000-0x000000012fca4000), size 13254656, SharedBaseAddress: 0x000000012f000000, ArchiveRelocationMode: 1.
Compressed class space mapped at: 0x0000000130000000-0x0000000170000000, reserved size: 1073741824
Narrow klass base: 0x000000012f000000, Narrow klass shift: 0, Narrow klass range: 0x100000000

GC Precious Log:
 CardTable entry size: 512
 Card Set container configuration: InlinePtr #cards 5 size 8 Array Of Cards #cards 12 size 40 Howl #buckets 4 coarsen threshold 1843 Howl Bitmap #cards 512 size 80 coarsen threshold 460 Card regions per heap region 1 cards per card region 2048
 CPUs: 4 total, 4 available
 Memory: 4096M
 Large Page Support: Disabled
 NUMA Support: Disabled
 Compressed Oops: Enabled (Zero based)
 Heap Region Size: 1M
 Heap Min Capacity: 8M
 Heap Initial Capacity: 64M
 Heap Max Capacity: 1G
 Pre-touch: Disabled
 Parallel Workers: 4
 Concurrent Workers: 1
 Concurrent Refinement Workers: 4
 Periodic GC: Disabled

Heap:
 garbage-first heap   total 66560K, used 56945K [0x00000007c0000000, 0x0000000800000000)
  region size 1024K, 35 young (35840K), 5 survivors (5120K)
 Metaspace       used 64868K, committed 65536K, reserved 1114112K
  class space    used 9077K, committed 9344K, reserved 1048576K

Heap Regions: E=young(eden), S=young(survivor), O=old, HS=humongous(starts), HC=humongous(continues), CS=collection set, F=free, TAMS=top-at-mark-start, PB=parsable bottom
|   0|0x00000007c0000000, 0x00000007c0100000, 0x00000007c0100000|100%|HS|  |TAMS 0x00000007c0000000| PB 0x00000007c0000000| Complete 
|   1|0x00000007c0100000, 0x00000007c0200000, 0x00000007c0200000|100%| O|  |TAMS 0x00000007c0100000| PB 0x00000007c0100000| Untracked 
|   2|0x00000007c0200000, 0x00000007c0300000, 0x00000007c0300000|100%| O|  |TAMS 0x00000007c0200000| PB 0x00000007c0200000| Untracked 
|   3|0x00000007c0300000, 0x00000007c0400000, 0x00000007c0400000|100%| O|  |TAMS 0x00000007c0300000| PB 0x00000007c0300000| Untracked 
|   4|0x00000007c0400000, 0x00000007c0500000, 0x00000007c0500000|100%| O|  |TAMS 0x00000007c0400000| PB 0x00000007c0400000| Untracked 
|   5|0x00000007c0500000, 0x00000007c0600000, 0x00000007c0600000|100%| O|  |TAMS 0x00000007c0500000| PB 0x00000007c0500000| Untracked 
|   6|0x00000007c0600000, 0x00000007c0700000, 0x00000007c0700000|100%| O|  |TAMS 0x00000007c0600000| PB 0x00000007c0600000| Untracked 
|   7|0x00000007c0700000, 0x00000007c0800000, 0x00000007c0800000|100%| O|  |TAMS 0x00000007c0700000| PB 0x00000007c0700000| Untracked 
|   8|0x00000007c0800000, 0x00000007c0900000, 0x00000007c0900000|100%| O|  |TAMS 0x00000007c0800000| PB 0x00000007c0800000| Untracked 
|   9|0x00000007c0900000, 0x00000007c0a00000, 0x00000007c0a00000|100%| O|  |TAMS 0x00000007c0900000| PB 0x00000007c0900000| Untracked 
|  10|0x00000007c0a00000, 0x00000007c0b00000, 0x00000007c0b00000|100%| O|  |TAMS 0x00000007c0a00000| PB 0x00000007c0a00000| Untracked 
|  11|0x00000007c0b00000, 0x00000007c0c00000, 0x00000007c0c00000|100%| O|  |TAMS 0x00000007c0b00000| PB 0x00000007c0b00000| Untracked 
|  12|0x00000007c0c00000, 0x00000007c0d00000, 0x00000007c0d00000|100%| O|  |TAMS 0x00000007c0c00000| PB 0x00000007c0c00000| Untracked 
|  13|0x00000007c0d00000, 0x00000007c0e00000, 0x00000007c0e00000|100%| O|  |TAMS 0x00000007c0d00000| PB 0x00000007c0d00000| Untracked 
|  14|0x00000007c0e00000, 0x00000007c0f00000, 0x00000007c0f00000|100%| O|  |TAMS 0x00000007c0e00000| PB 0x00000007c0e00000| Untracked 
|  15|0x00000007c0f00000, 0x00000007c1000000, 0x00000007c1000000|100%| O|  |TAMS 0x00000007c0f00000| PB 0x00000007c0f00000| Untracked 
|  16|0x00000007c1000000, 0x00000007c1100000, 0x00000007c1100000|100%| O|  |TAMS 0x00000007c1000000| PB 0x00000007c1000000| Untracked 
|  17|0x00000007c1100000, 0x00000007c1200000, 0x00000007c1200000|100%| O|  |TAMS 0x00000007c1100000| PB 0x00000007c1100000| Untracked 
|  18|0x00000007c1200000, 0x00000007c1300000, 0x00000007c1300000|100%| O|  |TAMS 0x00000007c1200000| PB 0x00000007c1200000| Untracked 
|  19|0x00000007c1300000, 0x00000007c1400000, 0x00000007c1400000|100%| O|  |TAMS 0x00000007c1300000| PB 0x00000007c1300000| Untracked 
|  20|0x00000007c1400000, 0x00000007c1500000, 0x00000007c1500000|100%| O|Cm|TAMS 0x00000007c1400000| PB 0x00000007c1400000| Complete 
|  21|0x00000007c1500000, 0x00000007c1600000, 0x00000007c1600000|100%| O|  |TAMS 0x00000007c1500000| PB 0x00000007c1500000| Untracked 
|  22|0x00000007c1600000, 0x00000007c16a84d0, 0x00000007c1700000| 65%| O|  |TAMS 0x00000007c1600000| PB 0x00000007c1600000| Untracked 
|  23|0x00000007c1700000, 0x00000007c1700000, 0x00000007c1800000|  0%| F|  |TAMS 0x00000007c1700000| PB 0x00000007c1700000| Untracked 
|  24|0x00000007c1800000, 0x00000007c1900000, 0x00000007c1900000|100%| S|  |TAMS 0x00000007c1800000| PB 0x00000007c1800000| Complete 
|  25|0x00000007c1900000, 0x00000007c1a00000, 0x00000007c1a00000|100%| S|  |TAMS 0x00000007c1900000| PB 0x00000007c1900000| Complete 
|  26|0x00000007c1a00000, 0x00000007c1b00000, 0x00000007c1b00000|100%| S|  |TAMS 0x00000007c1a00000| PB 0x00000007c1a00000| Complete 
|  27|0x00000007c1b00000, 0x00000007c1c00000, 0x00000007c1c00000|100%| S|  |TAMS 0x00000007c1b00000| PB 0x00000007c1b00000| Complete 
|  28|0x00000007c1c00000, 0x00000007c1d00000, 0x00000007c1d00000|100%| S|  |TAMS 0x00000007c1c00000| PB 0x00000007c1c00000| Complete 
|  29|0x00000007c1d00000, 0x00000007c1e00000, 0x00000007c1e00000|100%| E|CS|TAMS 0x00000007c1d00000| PB 0x00000007c1d00000| Complete 
|  30|0x00000007c1e00000, 0x00000007c1f00000, 0x00000007c1f00000|100%| E|CS|TAMS 0x00000007c1e00000| PB 0x00000007c1e00000| Complete 
|  31|0x00000007c1f00000, 0x00000007c2000000, 0x00000007c2000000|100%| E|CS|TAMS 0x00000007c1f00000| PB 0x00000007c1f00000| Complete 
|  32|0x00000007c2000000, 0x00000007c2100000, 0x00000007c2100000|100%| E|CS|TAMS 0x00000007c2000000| PB 0x00000007c2000000| Complete 
|  33|0x00000007c2100000, 0x00000007c219ff48, 0x00000007c2200000| 62%| E|CS|TAMS 0x00000007c2100000| PB 0x00000007c2100000| Complete 
|  34|0x00000007c2200000, 0x00000007c2300000, 0x00000007c2300000|100%| E|CS|TAMS 0x00000007c2200000| PB 0x00000007c2200000| Complete 
|  35|0x00000007c2300000, 0x00000007c2400000, 0x00000007c2400000|100%| E|CS|TAMS 0x00000007c2300000| PB 0x00000007c2300000| Complete 
|  36|0x00000007c2400000, 0x00000007c2500000, 0x00000007c2500000|100%| E|CS|TAMS 0x00000007c2400000| PB 0x00000007c2400000| Complete 
|  37|0x00000007c2500000, 0x00000007c2600000, 0x00000007c2600000|100%| E|CS|TAMS 0x00000007c2500000| PB 0x00000007c2500000| Complete 
|  38|0x00000007c2600000, 0x00000007c2700000, 0x00000007c2700000|100%| E|CS|TAMS 0x00000007c2600000| PB 0x00000007c2600000| Complete 
|  39|0x00000007c2700000, 0x00000007c2800000, 0x00000007c2800000|100%| E|CS|TAMS 0x00000007c2700000| PB 0x00000007c2700000| Complete 
|  40|0x00000007c2800000, 0x00000007c2900000, 0x00000007c2900000|100%| E|CS|TAMS 0x00000007c2800000| PB 0x00000007c2800000| Complete 
|  41|0x00000007c2900000, 0x00000007c2a00000, 0x00000007c2a00000|100%| E|CS|TAMS 0x00000007c2900000| PB 0x00000007c2900000| Complete 
|  42|0x00000007c2a00000, 0x00000007c2b00000, 0x00000007c2b00000|100%| E|CS|TAMS 0x00000007c2a00000| PB 0x00000007c2a00000| Complete 
|  43|0x00000007c2b00000, 0x00000007c2c00000, 0x00000007c2c00000|100%| E|CS|TAMS 0x00000007c2b00000| PB 0x00000007c2b00000| Complete 
|  44|0x00000007c2c00000, 0x00000007c2d00000, 0x00000007c2d00000|100%| E|CS|TAMS 0x00000007c2c00000| PB 0x00000007c2c00000| Complete 
|  45|0x00000007c2d00000, 0x00000007c2e00000, 0x00000007c2e00000|100%| E|CS|TAMS 0x00000007c2d00000| PB 0x00000007c2d00000| Complete 
|  46|0x00000007c2e00000, 0x00000007c2f00000, 0x00000007c2f00000|100%| E|CS|TAMS 0x00000007c2e00000| PB 0x00000007c2e00000| Complete 
|  47|0x00000007c2f00000, 0x00000007c3000000, 0x00000007c3000000|100%| E|CS|TAMS 0x00000007c2f00000| PB 0x00000007c2f00000| Complete 
|  48|0x00000007c3000000, 0x00000007c3100000, 0x00000007c3100000|100%| E|CS|TAMS 0x00000007c3000000| PB 0x00000007c3000000| Complete 
|  49|0x00000007c3100000, 0x00000007c3200000, 0x00000007c3200000|100%| E|CS|TAMS 0x00000007c3100000| PB 0x00000007c3100000| Complete 
|  50|0x00000007c3200000, 0x00000007c3300000, 0x00000007c3300000|100%| E|CS|TAMS 0x00000007c3200000| PB 0x00000007c3200000| Complete 
|  51|0x00000007c3300000, 0x00000007c3400000, 0x00000007c3400000|100%| E|CS|TAMS 0x00000007c3300000| PB 0x00000007c3300000| Complete 
|  52|0x00000007c3400000, 0x00000007c3500000, 0x00000007c3500000|100%| E|CS|TAMS 0x00000007c3400000| PB 0x00000007c3400000| Complete 
|  53|0x00000007c3500000, 0x00000007c3600000, 0x00000007c3600000|100%| E|CS|TAMS 0x00000007c3500000| PB 0x00000007c3500000| Complete 
|  54|0x00000007c3600000, 0x00000007c3700000, 0x00000007c3700000|100%| E|CS|TAMS 0x00000007c3600000| PB 0x00000007c3600000| Complete 
|  55|0x00000007c3700000, 0x00000007c3800000, 0x00000007c3800000|100%| E|CS|TAMS 0x00000007c3700000| PB 0x00000007c3700000| Complete 
|  56|0x00000007c3800000, 0x00000007c3900000, 0x00000007c3900000|100%| E|CS|TAMS 0x00000007c3800000| PB 0x00000007c3800000| Complete 
|  57|0x00000007c3900000, 0x00000007c3a00000, 0x00000007c3a00000|100%| E|CS|TAMS 0x00000007c3900000| PB 0x00000007c3900000| Complete 
|  58|0x00000007c3a00000, 0x00000007c3b00000, 0x00000007c3b00000|100%| E|CS|TAMS 0x00000007c3a00000| PB 0x00000007c3a00000| Complete 
|  59|0x00000007c3b00000, 0x00000007c3c00000, 0x00000007c3c00000|100%| E|CS|TAMS 0x00000007c3b00000| PB 0x00000007c3b00000| Complete 
|  60|0x00000007c3c00000, 0x00000007c3d00000, 0x00000007c3d00000|100%| E|CS|TAMS 0x00000007c3c00000| PB 0x00000007c3c00000| Complete 
|  61|0x00000007c3d00000, 0x00000007c3e00000, 0x00000007c3e00000|100%| E|CS|TAMS 0x00000007c3d00000| PB 0x00000007c3d00000| Complete 
|  63|0x00000007c3f00000, 0x00000007c4000000, 0x00000007c4000000|100%| E|CS|TAMS 0x00000007c3f00000| PB 0x00000007c3f00000| Complete 
|1022|0x00000007ffe00000, 0x00000007fff00000, 0x00000007fff00000|100%| O|  |TAMS 0x00000007ffe00000| PB 0x00000007ffe00000| Untracked 
|1023|0x00000007fff00000, 0x0000000800000000, 0x0000000800000000|100%| E|CS|TAMS 0x00000007fff00000| PB 0x00000007fff00000| Complete 

Card table byte_map: [0x00000001124a0000,0x00000001126a0000] _byte_map_base: 0x000000010e6a0000

Marking Bits: (CMBitMap*) 0x00007fec0580ca10
 Bits: [0x00000001126a0000, 0x00000001136a0000)

Polling page: 0x000000010ec15000

Metaspace:

Usage:
  Non-class:     54.48 MB used.
      Class:      8.87 MB used.
       Both:     63.35 MB used.

Virtual space:
  Non-class space:       64.00 MB reserved,      54.88 MB ( 86%) committed,  1 nodes.
      Class space:        1.00 GB reserved,       9.12 MB ( <1%) committed,  1 nodes.
             Both:        1.06 GB reserved,      64.00 MB (  6%) committed. 

Chunk freelists:
   Non-Class:  8.89 MB
       Class:  6.83 MB
        Both:  15.72 MB

MaxMetaspaceSize: unlimited
CompressedClassSpaceSize: 1.00 GB
Initial GC threshold: 21.00 MB
Current GC threshold: 100.44 MB
CDS: on
 - commit_granule_bytes: 65536.
 - commit_granule_words: 8192.
 - virtual_space_node_default_size: 8388608.
 - enlarge_chunks_in_place: 1.
 - use_allocation_guard: 0.


Internal statistics:

num_allocs_failed_limit: 18.
num_arena_births: 922.
num_arena_deaths: 0.
num_vsnodes_births: 2.
num_vsnodes_deaths: 0.
num_space_committed: 1024.
num_space_uncommitted: 0.
num_chunks_returned_to_freelist: 18.
num_chunks_taken_from_freelist: 3278.
num_chunk_merges: 18.
num_chunk_splits: 2386.
num_chunks_enlarged: 1861.
num_inconsistent_stats: 0.

CodeHeap 'non-profiled nmethods': size=120032Kb used=2258Kb max_used=2258Kb free=117773Kb
 bounds [0x00000001277c7000, 0x0000000127a37000, 0x000000012ecff000]
CodeHeap 'profiled nmethods': size=120028Kb used=8683Kb max_used=8683Kb free=111344Kb
 bounds [0x000000011fcff000, 0x000000012057f000, 0x0000000127236000]
CodeHeap 'non-nmethods': size=5700Kb used=1610Kb max_used=1650Kb free=4089Kb
 bounds [0x0000000127236000, 0x00000001274a6000, 0x00000001277c7000]
 total_blobs=5410 nmethods=4730 adapters=585
 compilation: enabled
              stopped_count=0, restarted_count=0
 full_count=0

Compilation events (20 events):
Event: 15.500 Thread 0x00007fec05044a00 5248 %     4       java.util.Properties$LineReader::readLine @ 53 (584 bytes)
Event: 15.501 Thread 0x00007fec05045200 5254       3       java.lang.invoke.BoundMethodHandle::copyWith (7 bytes)
Event: 15.501 Thread 0x00007fec05045200 nmethod 5254 0x0000000120574590 code [0x0000000120574740, 0x0000000120574908]
Event: 15.501 Thread 0x00007fec05045200 5255       3       java.lang.Math::abs (13 bytes)
Event: 15.501 Thread 0x00007fec05045200 nmethod 5255 0x0000000120574990 code [0x0000000120574b20, 0x0000000120574c90]
Event: 15.540 Thread 0x00007fec05045200 5256       3       java.util.regex.Pattern$CharProperty::<init> (10 bytes)
Event: 15.541 Thread 0x00007fec05045200 nmethod 5256 0x0000000120574d10 code [0x0000000120574ec0, 0x0000000120575160]
Event: 15.547 Thread 0x00007fec05044a00 nmethod 5248% 0x00000001279f8590 code [0x00000001279f8880, 0x00000001279fa148]
Event: 15.547 Thread 0x00007fec05044a00 5236       4       java.util.Arrays::copyOf (40 bytes)
Event: 15.552 Thread 0x00007fec05044a00 nmethod 5236 0x00000001279fb090 code [0x00000001279fb240, 0x00000001279fb6e8]
Event: 15.552 Thread 0x00007fec05044a00 5257 %     4       java.util.Properties$LineReader::readLine @ 293 (584 bytes)
Event: 15.553 Thread 0x00007fec05045200 5259   !   3       jdk.proxy2.$Proxy26::annotationType (29 bytes)
Event: 15.553 Thread 0x00007fec05045200 nmethod 5259 0x0000000120575290 code [0x0000000120575460, 0x0000000120575858]
Event: 15.554 Thread 0x00007fec05045200 5260   !   3       org.springframework.core.annotation.AnnotationTypeMappings::addIfPossible (68 bytes)
Event: 15.555 Thread 0x00007fec05045200 nmethod 5260 0x0000000120575a10 code [0x0000000120575ce0, 0x0000000120576c98]
Event: 15.555 Thread 0x00007fec05045200 5261       3       org.springframework.core.annotation.AnnotationTypeMapping::<init> (191 bytes)
Event: 15.557 Thread 0x00007fec05045200 nmethod 5261 0x0000000120577210 code [0x00000001205775a0, 0x0000000120579028]
Event: 15.557 Thread 0x00007fec05045200 5262       3       org.springframework.core.annotation.AnnotationTypeMapping$MirrorSets::<init> (31 bytes)
Event: 15.557 Thread 0x00007fec05045200 nmethod 5262 0x0000000120579790 code [0x0000000120579940, 0x0000000120579d00]
Event: 15.559 Thread 0x00007fec05045200 5263       3       java.util.LinkedHashSet::<init> (28 bytes)

GC Heap History (20 events):
Event: 1.148 GC heap after
{Heap after GC invocations=1 (full 0):
 garbage-first heap   total 67584K, used 6926K [0x00000007c0000000, 0x0000000800000000)
  region size 1024K, 2 young (2048K), 2 survivors (2048K)
 Metaspace       used 4073K, committed 4224K, reserved 1114112K
  class space    used 437K, committed 512K, reserved 1048576K
}
Event: 1.813 GC heap before
{Heap before GC invocations=1 (full 0):
 garbage-first heap   total 67584K, used 19214K [0x00000007c0000000, 0x0000000800000000)
  region size 1024K, 14 young (14336K), 2 survivors (2048K)
 Metaspace       used 7509K, committed 7744K, reserved 1114112K
  class space    used 902K, committed 1024K, reserved 1048576K
}
Event: 1.821 GC heap after
{Heap after GC invocations=2 (full 0):
 garbage-first heap   total 67584K, used 7985K [0x00000007c0000000, 0x0000000800000000)
  region size 1024K, 2 young (2048K), 2 survivors (2048K)
 Metaspace       used 7509K, committed 7744K, reserved 1114112K
  class space    used 902K, committed 1024K, reserved 1048576K
}
Event: 2.366 GC heap before
{Heap before GC invocations=2 (full 0):
 garbage-first heap   total 67584K, used 36657K [0x00000007c0000000, 0x0000000800000000)
  region size 1024K, 31 young (31744K), 2 survivors (2048K)
 Metaspace       used 15548K, committed 15808K, reserved 1114112K
  class space    used 1901K, committed 2048K, reserved 1048576K
}
Event: 2.378 GC heap after
{Heap after GC invocations=3 (full 0):
 garbage-first heap   total 67584K, used 9946K [0x00000007c0000000, 0x0000000800000000)
  region size 1024K, 3 young (3072K), 3 survivors (3072K)
 Metaspace       used 15548K, committed 15808K, reserved 1114112K
  class space    used 1901K, committed 2048K, reserved 1048576K
}
Event: 3.511 GC heap before
{Heap before GC invocations=3 (full 0):
 garbage-first heap   total 67584K, used 44762K [0x00000007c0000000, 0x0000000800000000)
  region size 1024K, 38 young (38912K), 3 survivors (3072K)
 Metaspace       used 21299K, committed 21504K, reserved 1114112K
  class space    used 2604K, committed 2688K, reserved 1048576K
}
Event: 3.526 GC heap after
{Heap after GC invocations=4 (full 0):
 garbage-first heap   total 67584K, used 13386K [0x00000007c0000000, 0x0000000800000000)
  region size 1024K, 5 young (5120K), 5 survivors (5120K)
 Metaspace       used 21299K, committed 21504K, reserved 1114112K
  class space    used 2604K, committed 2688K, reserved 1048576K
}
Event: 4.567 GC heap before
{Heap before GC invocations=5 (full 0):
 garbage-first heap   total 55296K, used 41034K [0x00000007c0000000, 0x0000000800000000)
  region size 1024K, 32 young (32768K), 5 survivors (5120K)
 Metaspace       used 27197K, committed 27648K, reserved 1114112K
  class space    used 3428K, committed 3648K, reserved 1048576K
}
Event: 4.593 GC heap after
{Heap after GC invocations=6 (full 0):
 garbage-first heap   total 55296K, used 17346K [0x00000007c0000000, 0x0000000800000000)
  region size 1024K, 4 young (4096K), 4 survivors (4096K)
 Metaspace       used 27197K, committed 27648K, reserved 1114112K
  class space    used 3428K, committed 3648K, reserved 1048576K
}
Event: 5.399 GC heap before
{Heap before GC invocations=6 (full 0):
 garbage-first heap   total 55296K, used 40898K [0x00000007c0000000, 0x0000000800000000)
  region size 1024K, 28 young (28672K), 4 survivors (4096K)
 Metaspace       used 32989K, committed 33472K, reserved 1114112K
  class space    used 4257K, committed 4480K, reserved 1048576K
}
Event: 5.410 GC heap after
{Heap after GC invocations=7 (full 0):
 garbage-first heap   total 55296K, used 18769K [0x00000007c0000000, 0x0000000800000000)
  region size 1024K, 2 young (2048K), 2 survivors (2048K)
 Metaspace       used 32989K, committed 33472K, reserved 1114112K
  class space    used 4257K, committed 4480K, reserved 1048576K
}
Event: 5.726 GC heap before
{Heap before GC invocations=7 (full 0):
 garbage-first heap   total 55296K, used 26961K [0x00000007c0000000, 0x0000000800000000)
  region size 1024K, 12 young (12288K), 2 survivors (2048K)
 Metaspace       used 35594K, committed 36160K, reserved 1114112K
  class space    used 4712K, committed 4992K, reserved 1048576K
}
Event: 5.732 GC heap after
{Heap after GC invocations=8 (full 0):
 garbage-first heap   total 66560K, used 18911K [0x00000007c0000000, 0x0000000800000000)
  region size 1024K, 2 young (2048K), 2 survivors (2048K)
 Metaspace       used 35594K, committed 36160K, reserved 1114112K
  class space    used 4712K, committed 4992K, reserved 1048576K
}
Event: 7.035 GC heap before
{Heap before GC invocations=9 (full 0):
 garbage-first heap   total 66560K, used 53727K [0x00000007c0000000, 0x0000000800000000)
  region size 1024K, 37 young (37888K), 2 survivors (2048K)
 Metaspace       used 46368K, committed 46912K, reserved 1114112K
  class space    used 6214K, committed 6400K, reserved 1048576K
}
Event: 7.046 GC heap after
{Heap after GC invocations=10 (full 0):
 garbage-first heap   total 66560K, used 21493K [0x00000007c0000000, 0x0000000800000000)
  region size 1024K, 5 young (5120K), 5 survivors (5120K)
 Metaspace       used 46368K, committed 46912K, reserved 1114112K
  class space    used 6214K, committed 6400K, reserved 1048576K
}
Event: 8.166 GC heap before
{Heap before GC invocations=10 (full 0):
 garbage-first heap   total 66560K, used 55285K [0x00000007c0000000, 0x0000000800000000)
  region size 1024K, 38 young (38912K), 5 survivors (5120K)
 Metaspace       used 55461K, committed 56128K, reserved 1114112K
  class space    used 7528K, committed 7808K, reserved 1048576K
}
Event: 8.178 GC heap after
{Heap after GC invocations=11 (full 0):
 garbage-first heap   total 66560K, used 23965K [0x00000007c0000000, 0x0000000800000000)
  region size 1024K, 5 young (5120K), 5 survivors (5120K)
 Metaspace       used 55461K, committed 56128K, reserved 1114112K
  class space    used 7528K, committed 7808K, reserved 1048576K
}
Event: 8.842 GC heap before
{Heap before GC invocations=11 (full 0):
 garbage-first heap   total 66560K, used 48541K [0x00000007c0000000, 0x0000000800000000)
  region size 1024K, 31 young (31744K), 5 survivors (5120K)
 Metaspace       used 60341K, committed 60928K, reserved 1114112K
  class space    used 8392K, committed 8640K, reserved 1048576K
}
Event: 8.854 GC heap after
{Heap after GC invocations=12 (full 0):
 garbage-first heap   total 66560K, used 26225K [0x00000007c0000000, 0x0000000800000000)
  region size 1024K, 5 young (5120K), 5 survivors (5120K)
 Metaspace       used 60341K, committed 60928K, reserved 1114112K
  class space    used 8392K, committed 8640K, reserved 1048576K
}
Event: 15.559 GC heap before
{Heap before GC invocations=13 (full 0):
 garbage-first heap   total 66560K, used 56945K [0x00000007c0000000, 0x0000000800000000)
  region size 1024K, 35 young (35840K), 5 survivors (5120K)
 Metaspace       used 64868K, committed 65536K, reserved 1114112K
  class space    used 9077K, committed 9344K, reserved 1048576K
}

Dll operation events (20 events):
Event: 4.142 Loading shared library /usr/lib/java/libtcnative-1.jnilib failed, dlopen(/usr/lib/java/libtcnative-1.jnilib, 1): image not found
Event: 4.143 Loading shared library /Users/macbook/Documents/GitHub/JavaEgitim-2024/crud/libtcnative-1.dylib failed, dlopen(/Users/macbook/Documents/GitHub/JavaEgitim-2024/crud/libtcnative-1.dylib, 1): image not found
Event: 4.143 Loading shared library /Users/macbook/Documents/GitHub/JavaEgitim-2024/crud/libtcnative-1.jnilib failed, dlopen(/Users/macbook/Documents/GitHub/JavaEgitim-2024/crud/libtcnative-1.jnilib, 1): image not found
Event: 4.144 Loading shared library /Users/macbook/Library/Java/JavaVirtualMachines/openjdk-21.0.1/Contents/Home/lib/liblibtcnative-1.dylib failed, dlopen(/Users/macbook/Library/Java/JavaVirtualMachines/openjdk-21.0.1/Contents/Home/lib/liblibtcnative-1.dylib, 1): imag
Event: 4.145 Loading shared library /Users/macbook/Library/Java/JavaVirtualMachines/openjdk-21.0.1/Contents/Home/lib/liblibtcnative-1.jnilib failed, dlopen(/Users/macbook/Library/Java/JavaVirtualMachines/openjdk-21.0.1/Contents/Home/lib/liblibtcnative-1.jnilib, 1): im
Event: 4.145 Loading shared library /Users/macbook/Library/Java/Extensions/liblibtcnative-1.dylib failed, dlopen(/Users/macbook/Library/Java/Extensions/liblibtcnative-1.dylib, 1): image not found
Event: 4.146 Loading shared library /Users/macbook/Library/Java/Extensions/liblibtcnative-1.jnilib failed, dlopen(/Users/macbook/Library/Java/Extensions/liblibtcnative-1.jnilib, 1): image not found
Event: 4.146 Loading shared library /Library/Java/Extensions/liblibtcnative-1.dylib failed, dlopen(/Library/Java/Extensions/liblibtcnative-1.dylib, 1): image not found
Event: 4.147 Loading shared library /Library/Java/Extensions/liblibtcnative-1.jnilib failed, dlopen(/Library/Java/Extensions/liblibtcnative-1.jnilib, 1): image not found
Event: 4.147 Loading shared library /Network/Library/Java/Extensions/liblibtcnative-1.dylib failed, dlopen(/Network/Library/Java/Extensions/liblibtcnative-1.dylib, 1): image not found
Event: 4.147 Loading shared library /Network/Library/Java/Extensions/liblibtcnative-1.jnilib failed, dlopen(/Network/Library/Java/Extensions/liblibtcnative-1.jnilib, 1): image not found
Event: 4.148 Loading shared library /System/Library/Java/Extensions/liblibtcnative-1.dylib failed, dlopen(/System/Library/Java/Extensions/liblibtcnative-1.dylib, 1): image not found
Event: 4.148 Loading shared library /System/Library/Java/Extensions/liblibtcnative-1.jnilib failed, dlopen(/System/Library/Java/Extensions/liblibtcnative-1.jnilib, 1): image not found
Event: 4.149 Loading shared library /usr/lib/java/liblibtcnative-1.dylib failed, dlopen(/usr/lib/java/liblibtcnative-1.dylib, 1): image not found
Event: 4.149 Loading shared library /usr/lib/java/liblibtcnative-1.jnilib failed, dlopen(/usr/lib/java/liblibtcnative-1.jnilib, 1): image not found
Event: 4.150 Loading shared library /Users/macbook/Documents/GitHub/JavaEgitim-2024/crud/liblibtcnative-1.dylib failed, dlopen(/Users/macbook/Documents/GitHub/JavaEgitim-2024/crud/liblibtcnative-1.dylib, 1): image not found
Event: 4.150 Loading shared library /Users/macbook/Documents/GitHub/JavaEgitim-2024/crud/liblibtcnative-1.jnilib failed, dlopen(/Users/macbook/Documents/GitHub/JavaEgitim-2024/crud/liblibtcnative-1.jnilib, 1): image not found
Event: 4.632 Loaded shared library /Users/macbook/Library/Java/JavaVirtualMachines/openjdk-21.0.1/Contents/Home/lib/libmanagement.dylib
Event: 4.634 Loaded shared library /Users/macbook/Library/Java/JavaVirtualMachines/openjdk-21.0.1/Contents/Home/lib/libmanagement_ext.dylib
Event: 5.387 Loaded shared library /Users/macbook/Library/Java/JavaVirtualMachines/openjdk-21.0.1/Contents/Home/lib/libverify.dylib

Deoptimization events (20 events):
Event: 9.293 Thread 0x00007fec0500b800 Uncommon trap: trap_request=0xffffff45 fr.pc=0x0000000127877ac4 relative=0x00000000000010a4
Event: 9.293 Thread 0x00007fec0500b800 Uncommon trap: reason=unstable_if action=reinterpret pc=0x0000000127877ac4 method=java.util.concurrent.ConcurrentHashMap.transfer([Ljava/util/concurrent/ConcurrentHashMap$Node;[Ljava/util/concurrent/ConcurrentHashMap$Node;)V @ 352 c2
Event: 9.293 Thread 0x00007fec0500b800 DEOPT PACKING pc=0x0000000127877ac4 sp=0x000070000c0ff890
Event: 9.293 Thread 0x00007fec0500b800 DEOPT UNPACKING pc=0x0000000127289f99 sp=0x000070000c0ff7f8 mode 2
Event: 9.452 Thread 0x00007fec0500b800 Uncommon trap: trap_request=0xffffff45 fr.pc=0x0000000127920c84 relative=0x00000000000008c4
Event: 9.452 Thread 0x00007fec0500b800 Uncommon trap: reason=unstable_if action=reinterpret pc=0x0000000127920c84 method=org.springframework.beans.factory.support.DefaultSingletonBeanRegistry.getSingleton(Ljava/lang/String;Z)Ljava/lang/Object; @ 39 c2
Event: 9.452 Thread 0x00007fec0500b800 DEOPT PACKING pc=0x0000000127920c84 sp=0x000070000c102810
Event: 9.452 Thread 0x00007fec0500b800 DEOPT UNPACKING pc=0x0000000127289f99 sp=0x000070000c1027c8 mode 2
Event: 9.492 Thread 0x00007fec0500b800 Uncommon trap: trap_request=0xfffffff4 fr.pc=0x00000001278ce024 relative=0x0000000000000264
Event: 9.492 Thread 0x00007fec0500b800 Uncommon trap: reason=null_check action=make_not_entrant pc=0x00000001278ce024 method=org.springframework.util.ClassUtils.isAssignable(Ljava/lang/Class;Ljava/lang/Class;)Z @ 14 c2
Event: 9.492 Thread 0x00007fec0500b800 DEOPT PACKING pc=0x00000001278ce024 sp=0x000070000c102ca0
Event: 9.492 Thread 0x00007fec0500b800 DEOPT UNPACKING pc=0x0000000127289f99 sp=0x000070000c102c60 mode 2
Event: 9.589 Thread 0x00007fec0500b800 Uncommon trap: trap_request=0xffffff45 fr.pc=0x0000000127844e0c relative=0x000000000000006c
Event: 9.589 Thread 0x00007fec0500b800 Uncommon trap: reason=unstable_if action=reinterpret pc=0x0000000127844e0c method=org.springframework.util.ConcurrentReferenceHashMap$Segment.clear()V @ 7 c2
Event: 9.589 Thread 0x00007fec0500b800 DEOPT PACKING pc=0x0000000127844e0c sp=0x000070000c103610
Event: 9.589 Thread 0x00007fec0500b800 DEOPT UNPACKING pc=0x0000000127289f99 sp=0x000070000c1035c0 mode 2
Event: 15.552 Thread 0x00007fec05a52200 Uncommon trap: trap_request=0xffffffd6 fr.pc=0x00000001279dd9f0 relative=0x00000000000047d0
Event: 15.552 Thread 0x00007fec05a52200 Uncommon trap: reason=array_check action=maybe_recompile pc=0x00000001279dd9f0 method=org.springframework.util.ConcurrentReferenceHashMap$Segment.lambda$doTask$0(Ljava/lang/Object;ILorg/springframework/util/ConcurrentReferenceHashMap$Reference;ILjava/lang
Event: 15.552 Thread 0x00007fec05a52200 DEOPT PACKING pc=0x00000001279dd9f0 sp=0x000070000da4fec0
Event: 15.552 Thread 0x00007fec05a52200 DEOPT UNPACKING pc=0x0000000127289f99 sp=0x000070000da4fac0 mode 2

Classes loaded (20 events):
Event: 15.388 Loading class java/util/concurrent/BlockingDeque done
Event: 15.388 Loading class java/util/concurrent/LinkedBlockingDeque done
Event: 15.389 Loading class java/util/concurrent/Semaphore
Event: 15.389 Loading class java/util/concurrent/Semaphore done
Event: 15.389 Loading class java/util/concurrent/Semaphore$NonfairSync
Event: 15.389 Loading class java/util/concurrent/Semaphore$Sync
Event: 15.389 Loading class java/util/concurrent/Semaphore$Sync done
Event: 15.389 Loading class java/util/concurrent/Semaphore$NonfairSync done
Event: 15.389 Loading class sun/nio/ch/SocketAdaptor
Event: 15.389 Loading class sun/nio/ch/SocketAdaptor done
Event: 15.389 Loading class sun/nio/ch/SocketChannelImpl$DefaultOptionsHolder
Event: 15.389 Loading class sun/nio/ch/SocketChannelImpl$DefaultOptionsHolder done
Event: 15.390 Loading class sun/nio/ch/SelectionKeyImpl
Event: 15.391 Loading class java/nio/channels/spi/AbstractSelectionKey
Event: 15.391 Loading class java/nio/channels/SelectionKey
Event: 15.391 Loading class java/nio/channels/SelectionKey done
Event: 15.391 Loading class java/nio/channels/spi/AbstractSelectionKey done
Event: 15.391 Loading class sun/nio/ch/SelectionKeyImpl done
Event: 15.391 Loading class java/lang/invoke/ConstantBootstraps
Event: 15.391 Loading class java/lang/invoke/ConstantBootstraps done

Classes unloaded (0 events):
No events

Classes redefined (0 events):
No events

Internal exceptions (20 events):
Event: 7.751 Thread 0x00007fec0500b800 Exception <a 'java/lang/NoSuchMethodError'{0x00000007c2eabb00}: 'java.lang.Object java.lang.invoke.DirectMethodHandle$Holder.newInvokeSpecial(java.lang.Object, java.lang.Object, java.lang.Object, java.lang.Object, java.lang.Object, java.lang.Object, java.lang.Object, int)'> (0x00000007c2eabb00) 
thrown [open/src/hotspot/share/interpreter/linkResolver.cpp, line 773]
Event: 7.752 Thread 0x00007fec0500b800 Exception <a 'java/lang/NoSuchMethodError'{0x00000007c2eb0060}: 'java.lang.Object java.lang.invoke.DirectMethodHandle$Holder.invokeSpecial(java.lang.Object, java.lang.Object, java.lang.Object, java.lang.Object, java.lang.Object, java.lang.Object, java.lang.Object, java.lang.Object, int)'> (0x00000007c2eb0060) 
thrown [open/src/hotspot/share/interpreter/linkResolver.cpp, line 773]
Event: 7.752 Thread 0x00007fec0500b800 Exception <a 'java/lang/NoSuchMethodError'{0x00000007c2eb4078}: 'java.lang.Object java.lang.invoke.Invokers$Holder.linkToTargetMethod(java.lang.Object, java.lang.Object, java.lang.Object, java.lang.Object, java.lang.Object, java.lang.Object, int, java.lang.Object)'> (0x00000007c2eb4078) 
thrown [open/src/hotspot/share/interpreter/linkResolver.cpp, line 773]
Event: 7.775 Thread 0x00007fec0500b800 Exception <a 'java/lang/NoSuchMethodError'{0x00000007c2d63220}: 'void java.lang.invoke.DirectMethodHandle$Holder.invokeInterface(java.lang.Object, java.lang.Object)'> (0x00000007c2d63220) 
thrown [open/src/hotspot/share/interpreter/linkResolver.cpp, line 773]
Event: 7.872 Thread 0x00007fec0500b800 Exception <a 'java/lang/NoSuchMethodError'{0x00000007c2a755c8}: 'void java.lang.invoke.Invokers$Holder.invokeExact_MT(java.lang.Object, java.lang.Object, java.lang.Object, java.lang.Object)'> (0x00000007c2a755c8) 
thrown [open/src/hotspot/share/interpreter/linkResolver.cpp, line 773]
Event: 7.939 Thread 0x00007fec0500b800 Exception <a 'java/lang/IncompatibleClassChangeError'{0x00000007c27ff150}: Found class java.lang.Object, but interface was expected> (0x00000007c27ff150) 
thrown [open/src/hotspot/share/interpreter/linkResolver.cpp, line 840]
Event: 7.953 Thread 0x00007fec0500b800 Exception <a 'java/lang/IncompatibleClassChangeError'{0x00000007c267c2c8}: Found class java.lang.Object, but interface was expected> (0x00000007c267c2c8) 
thrown [open/src/hotspot/share/interpreter/linkResolver.cpp, line 840]
Event: 7.989 Thread 0x00007fec0500b800 Exception <a 'java/lang/IncompatibleClassChangeError'{0x00000007c25d4678}: Found class java.lang.Object, but interface was expected> (0x00000007c25d4678) 
thrown [open/src/hotspot/share/interpreter/linkResolver.cpp, line 840]
Event: 8.160 Thread 0x00007fec0500b800 Exception <a 'java/lang/IncompatibleClassChangeError'{0x00000007c1fb8d10}: Found class java.lang.Object, but interface was expected> (0x00000007c1fb8d10) 
thrown [open/src/hotspot/share/interpreter/linkResolver.cpp, line 840]
Event: 9.015 Thread 0x00007fec0500b800 Exception <a 'java/lang/NoSuchMethodError'{0x00000007c3bf0620}: 'java.lang.Object java.lang.invoke.DirectMethodHandle$Holder.newInvokeSpecial(java.lang.Object, java.lang.Object, java.lang.Object, java.lang.Object, java.lang.Object, java.lang.Object, java.lang.Object, java.lang.Object)'> (0x00000007c3bf0620) 
thrown [open/src/hotspot/share/interpreter/linkResolver.cpp, line 773]
Event: 9.311 Thread 0x00007fec0500b800 Exception <a 'java/lang/IncompatibleClassChangeError'{0x00000007c31a8d30}: Found class java.lang.Object, but interface was expected> (0x00000007c31a8d30) 
thrown [open/src/hotspot/share/interpreter/linkResolver.cpp, line 840]
Event: 9.361 Thread 0x00007fec0500b800 Exception <a 'java/lang/NoSuchMethodError'{0x00000007c2f40048}: 'void java.lang.invoke.DirectMethodHandle$Holder.invokeVirtual(java.lang.Object, java.lang.Object, long)'> (0x00000007c2f40048) 
thrown [open/src/hotspot/share/interpreter/linkResolver.cpp, line 773]
Event: 9.477 Thread 0x00007fec0500b800 Exception <a 'java/lang/IncompatibleClassChangeError'{0x00000007c2b134f0}: Found class java.lang.Object, but interface was expected> (0x00000007c2b134f0) 
thrown [open/src/hotspot/share/interpreter/linkResolver.cpp, line 840]
Event: 9.492 Thread 0x00007fec0500b800 Implicit null exception at 0x00000001278cdde8 to 0x00000001278ce010
Event: 9.592 Thread 0x00007fec0500b800 Exception <a 'java/lang/NoSuchMethodError'{0x00000007c2709150}: 'java.lang.Object java.lang.invoke.DirectMethodHandle$Holder.newInvokeSpecial(java.lang.Object, java.lang.Object, int, java.lang.Object, java.lang.Object)'> (0x00000007c2709150) 
thrown [open/src/hotspot/share/interpreter/linkResolver.cpp, line 773]
Event: 9.593 Thread 0x00007fec0500b800 Exception <a 'java/lang/NoSuchMethodError'{0x00000007c2714000}: 'java.lang.Object java.lang.invoke.DirectMethodHandle$Holder.invokeSpecial(java.lang.Object, java.lang.Object, int, java.lang.Object, int, java.lang.Object)'> (0x00000007c2714000) 
thrown [open/src/hotspot/share/interpreter/linkResolver.cpp, line 773]
Event: 9.593 Thread 0x00007fec0500b800 Exception <a 'java/lang/NoSuchMethodError'{0x00000007c271b1b0}: 'java.lang.Object java.lang.invoke.DirectMethodHandle$Holder.newInvokeSpecial(java.lang.Object, java.lang.Object, int, java.lang.Object, int)'> (0x00000007c271b1b0) 
thrown [open/src/hotspot/share/interpreter/linkResolver.cpp, line 773]
Event: 9.593 Thread 0x00007fec0500b800 Exception <a 'java/lang/NoSuchMethodError'{0x00000007c271f020}: 'java.lang.Object java.lang.invoke.DirectMethodHandle$Holder.invokeSpecial(java.lang.Object, java.lang.Object, java.lang.Object, int, java.lang.Object, int)'> (0x00000007c271f020) 
thrown [open/src/hotspot/share/interpreter/linkResolver.cpp, line 773]
Event: 15.446 Thread 0x00007fec05a1da00 Exception <a 'java/lang/NoSuchMethodError'{0x00000007c1f88420}: 'java.lang.Object java.lang.invoke.DirectMethodHandle$Holder.invokeSpecial(java.lang.Object, java.lang.Object, java.lang.Object, java.lang.Object, java.lang.Object, long)'> (0x00000007c1f88420) 
thrown [open/src/hotspot/share/interpreter/linkResolver.cpp, line 773]
Event: 15.446 Thread 0x00007fec05a1da00 Exception <a 'java/lang/NoSuchMethodError'{0x00000007c1f8bbe0}: 'java.lang.Object java.lang.invoke.Invokers$Holder.linkToTargetMethod(java.lang.Object, java.lang.Object, java.lang.Object, long, java.lang.Object)'> (0x00000007c1f8bbe0) 
thrown [open/src/hotspot/share/interpreter/linkResolver.cpp, line 773]

ZGC Phase Switch (0 events):
No events

VM Operations (20 events):
Event: 8.878 Executing VM operation: CollectForMetadataAllocation (Metadata GC Threshold) done
Event: 8.905 Executing VM operation: CollectForMetadataAllocation (Metadata GC Threshold)
Event: 8.906 Executing VM operation: CollectForMetadataAllocation (Metadata GC Threshold) done
Event: 8.926 Executing VM operation: G1PauseRemark
Event: 8.931 Executing VM operation: G1PauseRemark done
Event: 8.956 Executing VM operation: G1PauseCleanup
Event: 8.957 Executing VM operation: G1PauseCleanup done
Event: 9.117 Executing VM operation: HandshakeAllThreads (Deoptimize)
Event: 9.117 Executing VM operation: HandshakeAllThreads (Deoptimize) done
Event: 9.160 Executing VM operation: HandshakeAllThreads (Deoptimize)
Event: 9.160 Executing VM operation: HandshakeAllThreads (Deoptimize) done
Event: 9.392 Executing VM operation: HandshakeAllThreads (Deoptimize)
Event: 9.392 Executing VM operation: HandshakeAllThreads (Deoptimize) done
Event: 10.396 Executing VM operation: Cleanup
Event: 10.397 Executing VM operation: Cleanup done
Event: 15.404 Executing VM operation: Cleanup
Event: 15.404 Executing VM operation: Cleanup done
Event: 15.471 Executing VM operation: HandshakeAllThreads (Deoptimize)
Event: 15.471 Executing VM operation: HandshakeAllThreads (Deoptimize) done
Event: 15.559 Executing VM operation: G1CollectForAllocation (G1 Evacuation Pause)

Events (20 events):
Event: 8.930 Thread 0x00007fec04d2f100 flushing nmethod 0x00000001278d0b10
Event: 8.930 Thread 0x00007fec04d2f100 flushing nmethod 0x00000001278a5790
Event: 8.930 Thread 0x00007fec04d2f100 flushing nmethod 0x00000001278a0490
Event: 8.930 Thread 0x00007fec04d2f100 flushing nmethod 0x0000000127869190
Event: 8.930 Thread 0x00007fec04d2f100 flushing nmethod 0x000000012785d590
Event: 8.930 Thread 0x00007fec04d2f100 flushing nmethod 0x0000000127840090
Event: 8.930 Thread 0x00007fec04d2f100 flushing nmethod 0x0000000127829690
Event: 8.930 Thread 0x00007fec04d2f100 flushing nmethod 0x0000000127818e10
Event: 8.930 Thread 0x00007fec04d2f100 flushing nmethod 0x0000000127801e90
Event: 8.930 Thread 0x00007fec04d2f100 flushing nmethod 0x00000001277c7a10
Event: 9.607 Thread 0x00007fec06542400 Thread added: 0x00007fec06542400
Event: 9.607 Protecting memory [0x000070000e679000,0x000070000e67d000] with protection modes 0
Event: 9.608 Thread 0x00007fec06538e00 Thread added: 0x00007fec06538e00
Event: 9.608 Protecting memory [0x000070000e77c000,0x000070000e780000] with protection modes 0
Event: 9.632 Protecting memory [0x000070000c004000,0x000070000c008000] with protection modes 3
Event: 9.632 Thread 0x00007fec0500b800 Thread exited: 0x00007fec0500b800
Event: 9.632 Protecting memory [0x000070000c004000,0x000070000c008000] with protection modes 0
Event: 9.632 Thread 0x00007fec0500b800 Thread added: 0x00007fec0500b800
Event: 11.965 Protecting memory [0x000070000e576000,0x000070000e57a000] with protection modes 3
Event: 11.965 Thread 0x00007fec05448600 Thread exited: 0x00007fec05448600


Dynamic libraries:
0x00007fff2a544000 	/usr/lib/libz.1.dylib
0x000000010ebdc000 	/Users/macbook/Library/Java/JavaVirtualMachines/openjdk-21.0.1/Contents/Home/lib/libjli.dylib
0x00007fff34f9a000 	/System/Library/Frameworks/Cocoa.framework/Versions/A/Cocoa
0x00007fff222c0000 	/System/Library/Frameworks/Security.framework/Versions/A/Security
0x00007fff3319d000 	/System/Library/Frameworks/ApplicationServices.framework/Versions/A/ApplicationServices
0x00007fff2a60c000 	/usr/lib/libSystem.B.dylib
0x00007fff2a606000 	/usr/lib/system/libcache.dylib
0x00007fff2a5c2000 	/usr/lib/system/libcommonCrypto.dylib
0x00007fff2a5ec000 	/usr/lib/system/libcompiler_rt.dylib
0x00007fff2a5e1000 	/usr/lib/system/libcopyfile.dylib
0x00007fff201b7000 	/usr/lib/system/libcorecrypto.dylib
0x00007fff20282000 	/usr/lib/system/libdispatch.dylib
0x00007fff20435000 	/usr/lib/system/libdyld.dylib
0x00007fff2a5fd000 	/usr/lib/system/libkeymgr.dylib
0x00007fff2da14000 	/usr/lib/system/liblaunch.dylib
0x00007fff2a5a0000 	/usr/lib/system/libmacho.dylib
0x00007fff29d98000 	/usr/lib/system/libquarantine.dylib
0x00007fff2a5fa000 	/usr/lib/system/libremovefile.dylib
0x00007fff24c9b000 	/usr/lib/system/libsystem_asl.dylib
0x00007fff20167000 	/usr/lib/system/libsystem_blocks.dylib
0x00007fff20304000 	/usr/lib/system/libsystem_c.dylib
0x00007fff2a5f4000 	/usr/lib/system/libsystem_collections.dylib
0x00007fff2909e000 	/usr/lib/system/libsystem_configuration.dylib
0x00007fff28389000 	/usr/lib/system/libsystem_containermanager.dylib
0x00007fff2a343000 	/usr/lib/system/libsystem_coreservices.dylib
0x00007fff22878000 	/usr/lib/system/libsystem_darwin.dylib
0x00007fff2a5fe000 	/usr/lib/system/libsystem_dnssd.dylib
0x00007fff20301000 	/usr/lib/system/libsystem_featureflags.dylib
0x00007fff2047b000 	/usr/lib/system/libsystem_info.dylib
0x00007fff2a557000 	/usr/lib/system/libsystem_m.dylib
0x00007fff20255000 	/usr/lib/system/libsystem_malloc.dylib
0x00007fff24c2e000 	/usr/lib/system/libsystem_networkextension.dylib
0x00007fff22c97000 	/usr/lib/system/libsystem_notify.dylib
0x00007fff2feb0000 	/usr/lib/system/libsystem_product_info_filter.dylib
0x00007fff290a2000 	/usr/lib/system/libsystem_sandbox.dylib
0x00007fff2a5f7000 	/usr/lib/system/libsystem_secinit.dylib
0x00007fff203f9000 	/usr/lib/system/libsystem_kernel.dylib
0x00007fff20471000 	/usr/lib/system/libsystem_platform.dylib
0x00007fff20429000 	/usr/lib/system/libsystem_pthread.dylib
0x00007fff2637a000 	/usr/lib/system/libsystem_symptoms.dylib
0x00007fff2019f000 	/usr/lib/system/libsystem_trace.dylib
0x00007fff2a5ce000 	/usr/lib/system/libunwind.dylib
0x00007fff20169000 	/usr/lib/system/libxpc.dylib
0x00007fff203e3000 	/usr/lib/libc++abi.dylib
0x00007fff202c7000 	/usr/lib/libobjc.A.dylib
0x00007fff2a5d9000 	/usr/lib/liboah.dylib
0x00007fff2038d000 	/usr/lib/libc++.1.dylib
0x00007fff204a7000 	/System/Library/Frameworks/CoreFoundation.framework/Versions/A/CoreFoundation
0x00007fff21258000 	/System/Library/Frameworks/Foundation.framework/Versions/C/Foundation
0x00007fff22cf1000 	/System/Library/Frameworks/AppKit.framework/Versions/C/AppKit
0x00007fff25bb5000 	/System/Library/Frameworks/CoreData.framework/Versions/A/CoreData
0x00007fff23a3d000 	/System/Library/PrivateFrameworks/UIFoundation.framework/Versions/A/UIFoundation
0x00007fff2fc43000 	/System/Library/PrivateFrameworks/RemoteViewServices.framework/Versions/A/RemoteViewServices
0x00007fff28a4f000 	/System/Library/PrivateFrameworks/XCTTargetBootstrap.framework/Versions/A/XCTTargetBootstrap
0x00007fff2b738000 	/usr/lib/libspindump.dylib
0x00007fff23c8c000 	/System/Library/Frameworks/UniformTypeIdentifiers.framework/Versions/A/UniformTypeIdentifiers
0x00007fff27253000 	/usr/lib/libapp_launch_measurement.dylib
0x00007fff27256000 	/System/Library/PrivateFrameworks/CoreAutoLayout.framework/Versions/A/CoreAutoLayout
0x00007fff283b6000 	/System/Library/Frameworks/Metal.framework/Versions/A/Metal
0x00007fff290ad000 	/usr/lib/liblangid.dylib
0x00007fff28a53000 	/System/Library/PrivateFrameworks/CoreSVG.framework/Versions/A/CoreSVG
0x00007fff24ccb000 	/System/Library/PrivateFrameworks/SkyLight.framework/Versions/A/SkyLight
0x00007fff25031000 	/System/Library/Frameworks/CoreGraphics.framework/Versions/A/CoreGraphics
0x00007fff3016a000 	/System/Library/Frameworks/Accelerate.framework/Versions/A/Accelerate
0x00007fff2b176000 	/System/Library/PrivateFrameworks/IconServices.framework/Versions/A/IconServices
0x00007fff2839a000 	/System/Library/Frameworks/IOSurface.framework/Versions/A/IOSurface
0x00007fff2653e000 	/usr/lib/libDiagnosticMessagesClient.dylib
0x00007fff28a3b000 	/System/Library/PrivateFrameworks/DFRFoundation.framework/Versions/A/DFRFoundation
0x00007fff22618000 	/usr/lib/libicucore.A.dylib
0x00007fff2cc7d000 	/System/Library/Frameworks/AudioToolbox.framework/Versions/A/AudioToolbox
0x00007fff2bf05000 	/System/Library/PrivateFrameworks/DataDetectorsCore.framework/Versions/A/DataDetectorsCore
0x00007fff24c3e000 	/usr/lib/libMobileGestalt.dylib
0x00007fff2873f000 	/System/Library/Frameworks/Carbon.framework/Versions/A/Frameworks/HIToolbox.framework/Versions/A/HIToolbox
0x00007fff26c98000 	/System/Library/Frameworks/QuartzCore.framework/Versions/A/QuartzCore
0x00007fff2fc7b000 	/System/Library/Frameworks/Carbon.framework/Versions/A/Frameworks/SpeechRecognition.framework/Versions/A/SpeechRecognition
0x00007fff26fb8000 	/System/Library/PrivateFrameworks/CoreUI.framework/Versions/A/CoreUI
0x00007fff21c2e000 	/System/Library/Frameworks/CoreAudio.framework/Versions/A/CoreAudio
0x00007fff26629000 	/System/Library/Frameworks/DiskArbitration.framework/Versions/A/DiskArbitration
0x00007fff2bb06000 	/System/Library/PrivateFrameworks/MultitouchSupport.framework/Versions/A/MultitouchSupport
0x00007fff2befc000 	/System/Library/PrivateFrameworks/InternationalSupport.framework/Versions/A/InternationalSupport
0x00007fff24c3d000 	/usr/lib/libenergytrace.dylib
0x00007fff22be8000 	/System/Library/Frameworks/IOKit.framework/Versions/A/IOKit
0x00007fff2ffae000 	/System/Library/Frameworks/CoreServices.framework/Versions/A/CoreServices
0x00007fff271e5000 	/System/Library/PrivateFrameworks/PerformanceAnalysis.framework/Versions/A/PerformanceAnalysis
0x00007fff6b947000 	/System/Library/Frameworks/OpenGL.framework/Versions/A/OpenGL
0x00007fff2bf80000 	/System/Library/PrivateFrameworks/UserActivity.framework/Versions/A/UserActivity
0x00007fff256bb000 	/System/Library/Frameworks/ColorSync.framework/Versions/A/ColorSync
0x00007fff28cbb000 	/System/Library/Frameworks/CoreImage.framework/Versions/A/CoreImage
0x00007fff21a48000 	/System/Library/Frameworks/CoreText.framework/Versions/A/CoreText
0x00007fff28a7d000 	/System/Library/Frameworks/ImageIO.framework/Versions/A/ImageIO
0x00007fff2a612000 	/System/Library/PrivateFrameworks/SoftLinking.framework/Versions/A/SoftLinking
0x00007fff2729e000 	/usr/lib/libxml2.2.dylib
0x00007fff2a884000 	/usr/lib/libcompression.dylib
0x00007fff2be2e000 	/System/Library/PrivateFrameworks/TextureIO.framework/Versions/A/TextureIO
0x00007fff2aeb4000 	/usr/lib/libate.dylib
0x00007fff2ac98000 	/usr/lib/liblzma.5.dylib
0x00007fff20f6c000 	/System/Library/Frameworks/SystemConfiguration.framework/Versions/A/SystemConfiguration
0x00007fff2a60e000 	/usr/lib/libfakelink.dylib
0x00007fff24790000 	/System/Library/Frameworks/CFNetwork.framework/Versions/A/CFNetwork
0x00007fff2a74e000 	/usr/lib/libarchive.2.dylib
0x00007fff20fea000 	/usr/lib/libCRFSuite.dylib
0x00007fff29dbf000 	/usr/lib/libbsm.0.dylib
0x00007fff24109000 	/usr/lib/libnetwork.dylib
0x00007fff2a613000 	/usr/lib/libpcap.A.dylib
0x00007fff26373000 	/usr/lib/libdns_services.dylib
0x00007fff2acb1000 	/usr/lib/libcoretls_cfhelpers.dylib
0x00007fff2a84d000 	/usr/lib/libapple_nghttp2.dylib
0x00007fff2a5a6000 	/usr/lib/system/libkxld.dylib
0x00007fff25feb000 	/usr/lib/libsqlite3.dylib
0x00007fff2a326000 	/System/Library/PrivateFrameworks/AppleFSCompression.framework/Versions/A/AppleFSCompression
0x00007fff29da7000 	/usr/lib/libcoretls.dylib
0x00007fff2a87e000 	/usr/lib/libpam.2.dylib
0x00007fff2adaf000 	/usr/lib/libxar.1.dylib
0x00007fff290a9000 	/System/Library/PrivateFrameworks/AppleSystemInfo.framework/Versions/A/AppleSystemInfo
0x00007fff299e9000 	/System/Library/PrivateFrameworks/IOMobileFramebuffer.framework/Versions/A/IOMobileFramebuffer
0x00007fff2a336000 	/usr/lib/libbz2.1.0.dylib
0x00007fff2a64b000 	/usr/lib/libiconv.2.dylib
0x00007fff2a59f000 	/usr/lib/libcharset.1.dylib
0x00007fff27221000 	/System/Library/Frameworks/CoreServices.framework/Versions/A/Frameworks/FSEvents.framework/Versions/A/FSEvents
0x00007fff22882000 	/System/Library/Frameworks/CoreServices.framework/Versions/A/Frameworks/CarbonCore.framework/Versions/A/CarbonCore
0x00007fff2658e000 	/System/Library/Frameworks/CoreServices.framework/Versions/A/Frameworks/Metadata.framework/Versions/A/Metadata
0x00007fff2a348000 	/System/Library/Frameworks/CoreServices.framework/Versions/A/Frameworks/OSServices.framework/Versions/A/OSServices
0x00007fff2a7c0000 	/System/Library/Frameworks/CoreServices.framework/Versions/A/Frameworks/SearchKit.framework/Versions/A/SearchKit
0x00007fff262fe000 	/System/Library/Frameworks/CoreServices.framework/Versions/A/Frameworks/AE.framework/Versions/A/AE
0x00007fff20945000 	/System/Library/Frameworks/CoreServices.framework/Versions/A/Frameworks/LaunchServices.framework/Versions/A/LaunchServices
0x00007fff2ac48000 	/System/Library/Frameworks/CoreServices.framework/Versions/A/Frameworks/DictionaryServices.framework/Versions/A/DictionaryServices
0x00007fff2722e000 	/System/Library/Frameworks/CoreServices.framework/Versions/A/Frameworks/SharedFileList.framework/Versions/A/SharedFileList
0x00007fff29d9b000 	/usr/lib/libCheckFix.dylib
0x00007fff24cb2000 	/System/Library/PrivateFrameworks/TCC.framework/Versions/A/TCC
0x00007fff290af000 	/System/Library/PrivateFrameworks/CoreNLP.framework/Versions/A/CoreNLP
0x00007fff26541000 	/System/Library/PrivateFrameworks/MetadataUtilities.framework/Versions/A/MetadataUtilities
0x00007fff2101f000 	/usr/lib/libmecabra.dylib
0x00007fff2a0a5000 	/System/Library/Frameworks/MLCompute.framework/Versions/A/MLCompute
0x00007fff29dd0000 	/usr/lib/libmecab.dylib
0x00007fff29e1a000 	/usr/lib/libgermantok.dylib
0x00007fff2a828000 	/usr/lib/libThaiTokenizer.dylib
0x00007fff2adeb000 	/usr/lib/libChineseTokenizer.dylib
0x00007fff2a87c000 	/System/Library/Frameworks/MetalPerformanceShaders.framework/Versions/A/MetalPerformanceShaders
0x00007fff26630000 	/System/Library/Frameworks/Accelerate.framework/Versions/A/Frameworks/vImage.framework/Versions/A/vImage
0x00007fff2ff88000 	/System/Library/Frameworks/Accelerate.framework/Versions/A/Frameworks/vecLib.framework/Versions/A/vecLib
0x00007fff2adf6000 	/System/Library/Frameworks/Accelerate.framework/Versions/A/Frameworks/vecLib.framework/Versions/A/libvMisc.dylib
0x00007fff29804000 	/System/Library/Frameworks/Accelerate.framework/Versions/A/Frameworks/vecLib.framework/Versions/A/libvDSP.dylib
0x00007fff20c52000 	/System/Library/Frameworks/Accelerate.framework/Versions/A/Frameworks/vecLib.framework/Versions/A/libBLAS.dylib
0x00007fff2a8aa000 	/System/Library/Frameworks/Accelerate.framework/Versions/A/Frameworks/vecLib.framework/Versions/A/libLAPACK.dylib
0x00007fff29e20000 	/System/Library/Frameworks/Accelerate.framework/Versions/A/Frameworks/vecLib.framework/Versions/A/libLinearAlgebra.dylib
0x00007fff2a865000 	/System/Library/Frameworks/Accelerate.framework/Versions/A/Frameworks/vecLib.framework/Versions/A/libSparseBLAS.dylib
0x00007fff2a8a4000 	/System/Library/Frameworks/Accelerate.framework/Versions/A/Frameworks/vecLib.framework/Versions/A/libQuadrature.dylib
0x00007fff2915b000 	/System/Library/Frameworks/Accelerate.framework/Versions/A/Frameworks/vecLib.framework/Versions/A/libBNNS.dylib
0x00007fff20efd000 	/System/Library/Frameworks/Accelerate.framework/Versions/A/Frameworks/vecLib.framework/Versions/A/libSparse.dylib
0x00007fff29037000 	/System/Library/Frameworks/MetalPerformanceShaders.framework/Versions/A/Frameworks/MPSCore.framework/Versions/A/MPSCore
0x00007fff2a295000 	/System/Library/Frameworks/MetalPerformanceShaders.framework/Versions/A/Frameworks/MPSImage.framework/Versions/A/MPSImage
0x00007fff29e36000 	/System/Library/Frameworks/MetalPerformanceShaders.framework/Versions/A/Frameworks/MPSNeuralNetwork.framework/Versions/A/MPSNeuralNetwork
0x00007fff2a207000 	/System/Library/Frameworks/MetalPerformanceShaders.framework/Versions/A/Frameworks/MPSMatrix.framework/Versions/A/MPSMatrix
0x00007fff2a055000 	/System/Library/Frameworks/MetalPerformanceShaders.framework/Versions/A/Frameworks/MPSRayIntersector.framework/Versions/A/MPSRayIntersector
0x00007fff2a23e000 	/System/Library/Frameworks/MetalPerformanceShaders.framework/Versions/A/Frameworks/MPSNDArray.framework/Versions/A/MPSNDArray
0x00007fff20b7d000 	/System/Library/PrivateFrameworks/MetalTools.framework/Versions/A/MetalTools
0x00007fff290a7000 	/System/Library/PrivateFrameworks/AggregateDictionary.framework/Versions/A/AggregateDictionary
0x00007fff2650e000 	/System/Library/PrivateFrameworks/CoreAnalytics.framework/Versions/A/CoreAnalytics
0x00007fff2a82a000 	/System/Library/PrivateFrameworks/AppleSauce.framework/Versions/A/AppleSauce
0x00007fff283ac000 	/System/Library/PrivateFrameworks/IOAccelerator.framework/Versions/A/IOAccelerator
0x00007fff6b93b000 	/System/Library/Frameworks/OpenGL.framework/Versions/A/Libraries/libCoreFSCache.dylib
0x00007fff215b7000 	/System/Library/PrivateFrameworks/LanguageModeling.framework/Versions/A/LanguageModeling
0x00007fff299d7000 	/System/Library/PrivateFrameworks/CoreEmoji.framework/Versions/A/CoreEmoji
0x00007fff29154000 	/System/Library/PrivateFrameworks/LinguisticData.framework/Versions/A/LinguisticData
0x00007fff20eaf000 	/System/Library/PrivateFrameworks/Lexicon.framework/Versions/A/Lexicon
0x00007fff2a73c000 	/usr/lib/libcmph.dylib
0x00007fff27201000 	/System/Library/Frameworks/OpenDirectory.framework/Versions/A/Frameworks/CFOpenDirectory.framework/Versions/A/CFOpenDirectory
0x00007fff271f1000 	/System/Library/Frameworks/OpenDirectory.framework/Versions/A/OpenDirectory
0x00007fff2acb3000 	/System/Library/PrivateFrameworks/APFS.framework/Versions/A/APFS
0x00007fff29cfd000 	/System/Library/Frameworks/SecurityFoundation.framework/Versions/A/SecurityFoundation
0x00007fff2adbe000 	/usr/lib/libutil.dylib
0x00007fff22bad000 	/System/Library/PrivateFrameworks/CoreServicesStore.framework/Versions/A/CoreServicesStore
0x00007fff29d93000 	/System/Library/Frameworks/ServiceManagement.framework/Versions/A/ServiceManagement
0x00007fff2adc2000 	/usr/lib/libxslt.1.dylib
0x00007fff29d89000 	/System/Library/PrivateFrameworks/BackgroundTaskManagement.framework/Versions/A/BackgroundTaskManagement
0x00007fff2bd78000 	/System/Library/Frameworks/ImageIO.framework/Versions/A/Resources/libRadiance.dylib
0x00007fff2bd82000 	/System/Library/Frameworks/ImageIO.framework/Versions/A/Resources/libJPEG.dylib
0x00007fff2bcd0000 	/System/Library/Frameworks/ImageIO.framework/Versions/A/Resources/libPng.dylib
0x00007fff2bcf1000 	/System/Library/Frameworks/ImageIO.framework/Versions/A/Resources/libTIFF.dylib
0x00007fff2bdd7000 	/System/Library/Frameworks/ImageIO.framework/Versions/A/Resources/libGIF.dylib
0x00007fff2ba22000 	/System/Library/Frameworks/ImageIO.framework/Versions/A/Resources/libJP2.dylib
0x00007fff2b13d000 	/usr/lib/libexpat.1.dylib
0x00007fff2b9d8000 	/System/Library/PrivateFrameworks/AppleJPEG.framework/Versions/A/AppleJPEG
0x00007fff285e2000 	/System/Library/PrivateFrameworks/FontServices.framework/libFontParser.dylib
0x00007fff262b5000 	/System/Library/PrivateFrameworks/RunningBoardServices.framework/Versions/A/RunningBoardServices
0x00007fff2bb02000 	/System/Library/PrivateFrameworks/WatchdogClient.framework/Versions/A/WatchdogClient
0x00007fff216a0000 	/System/Library/Frameworks/CoreDisplay.framework/Versions/A/CoreDisplay
0x00007fff284f7000 	/System/Library/Frameworks/CoreMedia.framework/Versions/A/CoreMedia
0x00007fff27381000 	/System/Library/Frameworks/CoreVideo.framework/Versions/A/CoreVideo
0x00007fff2bb3d000 	/System/Library/Frameworks/VideoToolbox.framework/Versions/A/VideoToolbox
0x00007fff26235000 	/System/Library/PrivateFrameworks/BaseBoard.framework/Versions/A/BaseBoard
0x00007fff2b282000 	/System/Library/PrivateFrameworks/PersistentConnection.framework/Versions/A/PersistentConnection
0x00007fff25fd5000 	/System/Library/PrivateFrameworks/ProtocolBuffer.framework/Versions/A/ProtocolBuffer
0x00007fff2621d000 	/System/Library/PrivateFrameworks/CommonUtilities.framework/Versions/A/CommonUtilities
0x00007fff2b99b000 	/System/Library/PrivateFrameworks/Bom.framework/Versions/A/Bom
0x00007fff2bd70000 	/System/Library/PrivateFrameworks/GPUWrangler.framework/Versions/A/GPUWrangler
0x00007fff2bd53000 	/System/Library/PrivateFrameworks/IOPresentment.framework/Versions/A/IOPresentment
0x00007fff2bd7c000 	/System/Library/PrivateFrameworks/DSExternalDisplay.framework/Versions/A/DSExternalDisplay
0x00007fff2bddc000 	/System/Library/PrivateFrameworks/CMCaptureCore.framework/Versions/A/CMCaptureCore
0x00007fff2b71e000 	/System/Library/PrivateFrameworks/AppServerSupport.framework/Versions/A/AppServerSupport
0x00007fff2d7b7000 	/System/Library/PrivateFrameworks/perfdata.framework/Versions/A/perfdata
0x00007fff29cec000 	/System/Library/PrivateFrameworks/AssertionServices.framework/Versions/A/AssertionServices
0x00007fff217d7000 	/System/Library/PrivateFrameworks/AudioToolboxCore.framework/Versions/A/AudioToolboxCore
0x00007fff284da000 	/System/Library/PrivateFrameworks/caulk.framework/Versions/A/caulk
0x00007fff3cc7c000 	/System/Library/PrivateFrameworks/SystemPolicy.framework/Versions/A/SystemPolicy
0x00007fff2af4c000 	/usr/lib/libIOReport.dylib
0x00007fff2cff3000 	/usr/lib/libSMC.dylib
0x00007fff2bc9c000 	/usr/lib/libAudioToolboxUtility.dylib
0x00007fff3d5d9000 	/usr/lib/libmis.dylib
0x00007fff6b997000 	/System/Library/Frameworks/OpenGL.framework/Versions/A/Libraries/libGLU.dylib
0x00007fff6b95a000 	/System/Library/Frameworks/OpenGL.framework/Versions/A/Libraries/libGFXShared.dylib
0x00007fff6bb68000 	/System/Library/Frameworks/OpenGL.framework/Versions/A/Libraries/libGL.dylib
0x00007fff6b963000 	/System/Library/Frameworks/OpenGL.framework/Versions/A/Libraries/libGLImage.dylib
0x00007fff6b957000 	/System/Library/Frameworks/OpenGL.framework/Versions/A/Libraries/libCVMSPluginSupport.dylib
0x00007fff6b942000 	/System/Library/Frameworks/OpenGL.framework/Versions/A/Libraries/libCoreVMClient.dylib
0x00007fff6cfb2000 	/System/Library/Frameworks/OpenCL.framework/Versions/A/OpenCL
0x00007fff2b2ab000 	/System/Library/PrivateFrameworks/GraphVisualizer.framework/Versions/A/GraphVisualizer
0x00007fff2b2ba000 	/System/Library/PrivateFrameworks/FaceCore.framework/Versions/A/FaceCore
0x00007fff2b6d6000 	/System/Library/PrivateFrameworks/OTSVG.framework/Versions/A/OTSVG
0x00007fff26f76000 	/System/Library/Frameworks/ApplicationServices.framework/Versions/A/Frameworks/ATS.framework/Versions/A/Resources/libFontRegistry.dylib
0x00007fff2b725000 	/System/Library/PrivateFrameworks/FontServices.framework/libhvf.dylib
0x00007fff2b0e9000 	/System/Library/PrivateFrameworks/AppleVA.framework/Versions/A/AppleVA
0x00007fff2ce3b000 	/System/Library/Frameworks/ApplicationServices.framework/Versions/A/Frameworks/ATS.framework/Versions/A/ATS
0x00007fff2d14e000 	/System/Library/Frameworks/ApplicationServices.framework/Versions/A/Frameworks/ColorSyncLegacy.framework/Versions/A/ColorSyncLegacy
0x00007fff257b3000 	/System/Library/Frameworks/ApplicationServices.framework/Versions/A/Frameworks/HIServices.framework/Versions/A/HIServices
0x00007fff2d133000 	/System/Library/Frameworks/ApplicationServices.framework/Versions/A/Frameworks/LangAnalysis.framework/Versions/A/LangAnalysis
0x00007fff2bde6000 	/System/Library/Frameworks/ApplicationServices.framework/Versions/A/Frameworks/PrintCore.framework/Versions/A/PrintCore
0x00007fff2d156000 	/System/Library/Frameworks/ApplicationServices.framework/Versions/A/Frameworks/QD.framework/Versions/A/QD
0x00007fff2ce2b000 	/System/Library/Frameworks/ApplicationServices.framework/Versions/A/Frameworks/SpeechSynthesis.framework/Versions/A/SpeechSynthesis
0x00007fff2bda7000 	/System/Library/Frameworks/ApplicationServices.framework/Versions/A/Frameworks/ATSUI.framework/Versions/A/ATSUI
0x00007fff2d0d3000 	/usr/lib/libcups.2.dylib
0x00007fff2d143000 	/System/Library/PrivateFrameworks/NetAuth.framework/Versions/A/NetAuth
0x00007fff2d7d2000 	/System/Library/Frameworks/Kerberos.framework/Versions/A/Kerberos
0x00007fff2d7e2000 	/System/Library/Frameworks/GSS.framework/Versions/A/GSS
0x00007fff2cea8000 	/usr/lib/libresolv.9.dylib
0x00007fff2b73b000 	/System/Library/PrivateFrameworks/Heimdal.framework/Versions/A/Heimdal
0x00007fff334b2000 	/System/Library/Frameworks/Kerberos.framework/Versions/A/Libraries/libHeimdalProxy.dylib
0x00007fff26382000 	/System/Library/Frameworks/Network.framework/Versions/A/Network
0x00007fff2b157000 	/usr/lib/libheimdal-asn1.dylib
0x00007fff2d833000 	/System/Library/PrivateFrameworks/CommonAuth.framework/Versions/A/CommonAuth
0x00007fff273cf000 	/System/Library/PrivateFrameworks/login.framework/Versions/A/Frameworks/loginsupport.framework/Versions/A/loginsupport
0x00007fff2cdb2000 	/System/Library/PrivateFrameworks/AudioSession.framework/Versions/A/AudioSession
0x00007fff2ce18000 	/usr/lib/libAudioStatistics.dylib
0x00007fff2b1e3000 	/System/Library/PrivateFrameworks/MediaExperience.framework/Versions/A/MediaExperience
0x00007fff2cc4b000 	/System/Library/PrivateFrameworks/AudioSession.framework/libSessionUtility.dylib
0x00007fff2d7c3000 	/usr/lib/libperfcheck.dylib
0x00007fff2d162000 	/System/Library/PrivateFrameworks/AudioResourceArbitration.framework/Versions/A/AudioResourceArbitration
0x00007fff2b161000 	/System/Library/PrivateFrameworks/IconFoundation.framework/Versions/A/IconFoundation
0x00007fff2fc6b000 	/System/Library/PrivateFrameworks/SpeechRecognitionCore.framework/Versions/A/SpeechRecognitionCore
0x00007fff57e57000 	/System/Library/CoreServices/Encodings/libLatin5Converter.dylib
0x0000000111000000 	/Users/macbook/Library/Java/JavaVirtualMachines/openjdk-21.0.1/Contents/Home/lib/server/libjvm.dylib
0x000000010ec05000 	/Users/macbook/Library/Java/JavaVirtualMachines/openjdk-21.0.1/Contents/Home/lib/libjimage.dylib
0x000000010ec17000 	/Users/macbook/Library/Java/JavaVirtualMachines/openjdk-21.0.1/Contents/Home/lib/libinstrument.dylib
0x000000010ec2b000 	/Users/macbook/Library/Java/JavaVirtualMachines/openjdk-21.0.1/Contents/Home/lib/libjava.dylib
0x000000010eeb5000 	/Users/macbook/Library/Java/JavaVirtualMachines/openjdk-21.0.1/Contents/Home/lib/libzip.dylib
0x000000010eec9000 	/Users/macbook/Library/Java/JavaVirtualMachines/openjdk-21.0.1/Contents/Home/lib/libnio.dylib
0x000000010eee5000 	/Users/macbook/Library/Java/JavaVirtualMachines/openjdk-21.0.1/Contents/Home/lib/libnet.dylib
0x000000010eef9000 	/Users/macbook/Library/Java/JavaVirtualMachines/openjdk-21.0.1/Contents/Home/lib/libextnet.dylib
0x000000010ef09000 	/Users/macbook/Library/Java/JavaVirtualMachines/openjdk-21.0.1/Contents/Home/lib/libmanagement.dylib
0x000000010ef19000 	/Users/macbook/Library/Java/JavaVirtualMachines/openjdk-21.0.1/Contents/Home/lib/libmanagement_ext.dylib
0x000000010ef29000 	/Users/macbook/Library/Java/JavaVirtualMachines/openjdk-21.0.1/Contents/Home/lib/libverify.dylib


VM Arguments:
jvm_args: -javaagent:/Applications/IntelliJ IDEA CE.app/Contents/lib/idea_rt.jar=53508:/Applications/IntelliJ IDEA CE.app/Contents/bin -Dfile.encoding=UTF-8 -Dsun.stdout.encoding=UTF-8 -Dsun.stderr.encoding=UTF-8 
java_command: com.example.crud.CrudApplication
java_class_path (initial): /Users/macbook/Documents/GitHub/JavaEgitim-2024/crud/target/classes:/Users/macbook/.m2/repository/org/springframework/boot/spring-boot-starter-data-jpa/3.3.0/spring-boot-starter-data-jpa-3.3.0.jar:/Users/macbook/.m2/repository/org/springframework/boot/spring-boot-starter-aop/3.3.0/spring-boot-starter-aop-3.3.0.jar:/Users/macbook/.m2/repository/org/springframework/spring-aop/6.1.8/spring-aop-6.1.8.jar:/Users/macbook/.m2/repository/org/aspectj/aspectjweaver/1.9.22/aspectjweaver-1.9.22.jar:/Users/macbook/.m2/repository/org/springframework/boot/spring-boot-starter-jdbc/3.3.0/spring-boot-starter-jdbc-3.3.0.jar:/Users/macbook/.m2/repository/com/zaxxer/HikariCP/5.1.0/HikariCP-5.1.0.jar:/Users/macbook/.m2/repository/org/springframework/spring-jdbc/6.1.8/spring-jdbc-6.1.8.jar:/Users/macbook/.m2/repository/org/hibernate/orm/hibernate-core/6.5.2.Final/hibernate-core-6.5.2.Final.jar:/Users/macbook/.m2/repository/jakarta/persistence/jakarta.persistence-api/3.1.0/jakarta.persistence-api-3.1.0.jar:/Users/macbook/.m2/repository/jakarta/transaction/jakarta.transaction-api/2.0.1/jakarta.transaction-api-2.0.1.jar:/Users/macbook/.m2/repository/org/jboss/logging/jboss-logging/3.5.3.Final/jboss-logging-3.5.3.Final.jar:/Users/macbook/.m2/repository/org/hibernate/common/hibernate-commons-annotations/6.0.6.Final/hibernate-commons-annotations-6.0.6.Final.jar:/Users/macbook/.m2/repository/io/smallrye/jandex/3.1.2/jandex-3.1.2.jar:/Users/macbook/.m2/repository/com/fasterxml/classmate/1.7.0/classmate-1.7.0.jar:/Users/macbook/.m2/repository/net/bytebuddy/byte-buddy/1.14.16/byte-buddy-1.14.16.jar:/Users/macbook/.m2/repository/org/glassfish/jaxb/jaxb-runtime/4.0.5/jaxb-runtime-4.0.5.jar:/Users/macbook/.m2/repository/org/glassfish/jaxb/jaxb-core/4.0.5/jaxb-core-4.0.5.jar:/Users/macbook/.m2/repository/org/eclipse/angus/angus-activation/2.0.2/angus-activation-2.0.2.jar:/Users/macbook/.m2/repository/org/glassfish/jaxb/txw2/4.0.5/txw2-4.0.5.jar:/Users/macbook/.m2/repository/com/sun/istack/istack-commons-runtime/4.1.2/istack-commons-runtime-4.1.2.jar:/Users/macbook/.m2/repository/jakarta/inject/jakarta.inject-api/2.0.1/jakarta.inject-api-2.0.1.jar:/Users/macbook/.m2/repository/org/antlr/antlr4-runtime/4.13.0/antlr4-runtime-4.13.0.jar:/Users/macbook/.m2/repository/org/springframework/data/spring-data-jpa/3.3.0/spring-data-jpa-3.3.0.jar:/Users/macbook/.m2/repository/org/springframework/data/spring-data-commons/3.3.0/spring-data-commons-3.3.0.jar:/Users/macbook/.m2/repository/org/springframework/spring-orm/6.1.8/spring-orm-6.1.8.jar:/Users/macbook/.m2/repository/org/springframework/spring-context/6.1.8/spring-context-6.1.8.jar:/Users/macbook/.m2/repository/org/springframework/spring-tx/6.1.8/spring-tx-6.1.8.jar:/Users/macbook/.m2/repository/org/springframework/spring-beans/6.1.8/spring-beans-6.1.8.jar:/Users/macbook/.m2/repository/jakarta/annotation/jakarta.annotation-api/2.1.1/jakarta.annotation-api-2.1.1.jar:/Users/macbook/.m2/repository/org/slf4j/slf4j-api/2.0.13/slf4j-api-2.0.13.jar:/Users/macbook/.m2/repository/org/springframework/spring-aspects/6.1.8/spring-aspects-6.1.8.jar:/Users/macbook/.m2/repository/org/springframework/boot/spring-boot-starter-web/3.3.0/spring-boot-starter-web-3.3.0.jar:/Users/macbook/.m2/repository/org/springframework/boot/spring-boot-starter/3.3.0/spring-boot-starter-3.3.0.jar:/Users/macbook/.m2/repository/org/springframework/boot/spring-boot/3.3.0/spring-boot-3.3.0.jar:/Users/macbook/.m2/repository/org/springframework/boot/spring-boot-autoconfigure/3.3.0/spring-boot-autoconfigure-3.3.0.jar:/Users/macbook/.m2/repository/org/springframework/boot/spring-boot-starter-logging/3.3.0/spring-boot-starter-logging-3.3.0.jar:/Users/macbook/.m2/repository/ch/qos/logback/logback-classic/1.5.6/logback-classic-1.5.6.jar:/Users/macbook/.m2/repository/ch/qos/logback/logback-core/1.5.6/logback-core-1.5.6.jar:/Users/macbook/.m2/repository/org/apache/logging/log4j/log4j-to-slf4j/2.23.1/log4j-to-slf4j-2.23.1.jar:/Users/macbook/.m2/repository/org/apache/logging/log4j/log4j-api/2.23.1/log4j-api-2.23.1.jar:/Users/macbook/.m2/repository/org/slf4j/jul-to-slf4j/2.0.13/jul-to-slf4j-2.0.13.jar:/Users/macbook/.m2/repository/org/yaml/snakeyaml/2.2/snakeyaml-2.2.jar:/Users/macbook/.m2/repository/org/springframework/boot/spring-boot-starter-json/3.3.0/spring-boot-starter-json-3.3.0.jar:/Users/macbook/.m2/repository/com/fasterxml/jackson/core/jackson-databind/2.17.1/jackson-databind-2.17.1.jar:/Users/macbook/.m2/repository/com/fasterxml/jackson/core/jackson-annotations/2.17.1/jackson-annotations-2.17.1.jar:/Users/macbook/.m2/repository/com/fasterxml/jackson/core/jackson-core/2.17.1/jackson-core-2.17.1.jar:/Users/macbook/.m2/repository/com/fasterxml/jackson/datatype/jackson-datatype-jdk8/2.17.1/jackson-datatype-jdk8-2.17.1.jar:/Users/macbook/.m2/repository/com/fasterxml/jackson/datatype/jackson-datatype-jsr310/2.17.1/jackson-datatype-jsr310-2.17.1.jar:/Users/macbook/.m2/repository/com/fasterxml/jackson/module/jackson-module-parameter-names/2.17.1/jackson-module-parameter-names-2.17.1.jar:/Users/macbook/.m2/repository/org/springframework/boot/spring-boot-starter-tomcat/3.3.0/spring-boot-starter-tomcat-3.3.0.jar:/Users/macbook/.m2/repository/org/apache/tomcat/embed/tomcat-embed-core/10.1.24/tomcat-embed-core-10.1.24.jar:/Users/macbook/.m2/repository/org/apache/tomcat/embed/tomcat-embed-el/10.1.24/tomcat-embed-el-10.1.24.jar:/Users/macbook/.m2/repository/org/apache/tomcat/embed/tomcat-embed-websocket/10.1.24/tomcat-embed-websocket-10.1.24.jar:/Users/macbook/.m2/repository/org/springframework/spring-web/6.1.8/spring-web-6.1.8.jar:/Users/macbook/.m2/repository/io/micrometer/micrometer-observation/1.13.0/micrometer-observation-1.13.0.jar:/Users/macbook/.m2/repository/io/micrometer/micrometer-commons/1.13.0/micrometer-commons-1.13.0.jar:/Users/macbook/.m2/repository/org/springframework/spring-webmvc/6.1.8/spring-webmvc-6.1.8.jar:/Users/macbook/.m2/repository/org/springframework/spring-expression/6.1.8/spring-expression-6.1.8.jar:/Users/macbook/.m2/repository/org/postgresql/postgresql/42.7.3/postgresql-42.7.3.jar:/Users/macbook/.m2/repository/org/checkerframework/checker-qual/3.42.0/checker-qual-3.42.0.jar:/Users/macbook/.m2/repository/org/projectlombok/lombok/1.18.32/lombok-1.18.32.jar:/Users/macbook/.m2/repository/jakarta/xml/bind/jakarta.xml.bind-api/4.0.2/jakarta.xml.bind-api-4.0.2.jar:/Users/macbook/.m2/repository/jakarta/activation/jakarta.activation-api/2.1.3/jakarta.activation-api-2.1.3.jar:/Users/macbook/.m2/repository/org/springframework/spring-core/6.1.8/spring-core-6.1.8.jar:/Users/macbook/.m2/repository/org/springframework/spring-jcl/6.1.8/spring-jcl-6.1.8.jar
Launcher Type: SUN_STANDARD

[Global flags]
     intx CICompilerCount                          = 3                                         {product} {ergonomic}
     uint ConcGCThreads                            = 1                                         {product} {ergonomic}
     uint G1ConcRefinementThreads                  = 4                                         {product} {ergonomic}
   size_t G1HeapRegionSize                         = 1048576                                   {product} {ergonomic}
    uintx GCDrainStackTargetSize                   = 64                                        {product} {ergonomic}
   size_t InitialHeapSize                          = 67108864                                  {product} {ergonomic}
   size_t MarkStackSize                            = 4194304                                   {product} {ergonomic}
   size_t MaxHeapSize                              = 1073741824                                {product} {ergonomic}
   size_t MaxNewSize                               = 643825664                                 {product} {ergonomic}
   size_t MinHeapDeltaBytes                        = 1048576                                   {product} {ergonomic}
   size_t MinHeapSize                              = 8388608                                   {product} {ergonomic}
    uintx NonNMethodCodeHeapSize                   = 5832780                                {pd product} {ergonomic}
    uintx NonProfiledCodeHeapSize                  = 122912730                              {pd product} {ergonomic}
    uintx ProfiledCodeHeapSize                     = 122912730                              {pd product} {ergonomic}
    uintx ReservedCodeCacheSize                    = 251658240                              {pd product} {ergonomic}
     bool SegmentedCodeCache                       = true                                      {product} {ergonomic}
   size_t SoftMaxHeapSize                          = 1073741824                             {manageable} {ergonomic}
     bool UseCompressedOops                        = true                           {product lp64_product} {ergonomic}
     bool UseG1GC                                  = true                                      {product} {ergonomic}
     bool UseNUMA                                  = false                                     {product} {ergonomic}
     bool UseNUMAInterleaving                      = false                                     {product} {ergonomic}

Logging:
Log output configuration:
 #0: stdout all=warning uptime,level,tags foldmultilines=false
 #1: stderr all=off uptime,level,tags foldmultilines=false

Environment Variables:
PATH=/usr/local/bin:/usr/bin:/bin:/usr/sbin:/sbin
SHELL=/bin/zsh
LC_CTYPE=tr_TR.UTF-8
TMPDIR=/var/folders/yn/mjsqfk5x02l160hpbybc80ch0000gn/T/

Active Locale:
LC_ALL=C/tr_TR.UTF-8/C/C/C/C
LC_COLLATE=C
LC_CTYPE=tr_TR.UTF-8
LC_MESSAGES=C
LC_MONETARY=C
LC_NUMERIC=C
LC_TIME=C

Signal Handlers:
   SIGSEGV: crash_handler in libjvm.dylib, mask=11100110000111110111111111111111, flags=SA_ONSTACK|SA_RESTART|SA_SIGINFO, unblocked
    SIGBUS: crash_handler in libjvm.dylib, mask=11100110000111110111111111111111, flags=SA_RESTART|SA_SIGINFO, unblocked
    SIGFPE: crash_handler in libjvm.dylib, mask=11100110000111110111111111111111, flags=SA_RESTART|SA_SIGINFO, unblocked
   SIGPIPE: javaSignalHandler in libjvm.dylib, mask=11100110000111110111111111111111, flags=SA_RESTART|SA_SIGINFO, blocked
   SIGXFSZ: javaSignalHandler in libjvm.dylib, mask=11100110000111110111111111111111, flags=SA_RESTART|SA_SIGINFO, blocked
    SIGILL: crash_handler in libjvm.dylib, mask=11100110000111110111111111111111, flags=SA_RESTART|SA_SIGINFO, unblocked
   SIGUSR2: SR_handler in libjvm.dylib, mask=00100000000000000000000000000000, flags=SA_RESTART|SA_SIGINFO, blocked
    SIGHUP: UserHandler in libjvm.dylib, mask=11100110000111110111111111111111, flags=SA_RESTART|SA_SIGINFO, blocked
    SIGINT: UserHandler in libjvm.dylib, mask=11100110000111110111111111111111, flags=SA_RESTART|SA_SIGINFO, blocked
   SIGTERM: UserHandler in libjvm.dylib, mask=11100110000111110111111111111111, flags=SA_RESTART|SA_SIGINFO, blocked
   SIGQUIT: UserHandler in libjvm.dylib, mask=11100110000111110111111111111111, flags=SA_RESTART|SA_SIGINFO, blocked
   SIGTRAP: crash_handler in libjvm.dylib, mask=11100110000111110111111111111111, flags=SA_RESTART|SA_SIGINFO, unblocked


Periodic native trim disabled

---------------  S Y S T E M  ---------------

OS:
uname: Darwin 20.6.0 Darwin Kernel Version 20.6.0: Thu Jul  6 22:12:47 PDT 2023; root:xnu-7195.141.49.702.12~1/RELEASE_X86_64 x86_64
OS uptime: 0 days 4:31 hours
rlimit (soft/hard): STACK 8192k/65532k , CORE 0k/infinity , NPROC 1392/2088 , NOFILE 10240/infinity , AS infinity/infinity , CPU infinity/infinity , DATA infinity/infinity , FSIZE infinity/infinity , MEMLOCK infinity/infinity , RSS infinity/infinity
load average: 7.23 6.48 5.91

CPU: total 4 (initial active 4) (2 cores per cpu, 2 threads per core) family 6 model 69 stepping 1 microcode 0x26, cx8, cmov, fxsr, ht, mmx, sse, sse2, sse3, ssse3, sse4.1, sse4.2, popcnt, lzcnt, tsc, tscinvbit, avx, avx2, aes, erms, clmul, bmi1, bmi2, fma, vzeroupper, clflush, rdtscp, f16c
machdep.cpu.brand_string:Intel(R) Core(TM) i5-4260U CPU @ 1.40GHz
hw.cpufrequency:1400000000
hw.cpufrequency_min:1400000000
hw.cpufrequency_max:1400000000
hw.cachelinesize:64
hw.l1icachesize:32768
hw.l1dcachesize:32768
hw.l2cachesize:262144
hw.l3cachesize:3145728

Memory: 4k page, physical 4194304k(20600k free), swap 2097152k(694784k free)

vm_info: OpenJDK 64-Bit Server VM (21.0.1+12-29) for bsd-amd64 JRE (21.0.1+12-29), built on 2023-10-05T13:27:09Z by "mach5one" with clang Apple LLVM 12.0.0 (clang-1200.0.32.29)

END.
